#
# There is insufficient memory for the Java Runtime Environment to continue.
# Native memory allocation (mmap) failed to map 106954752 bytes for Failed to commit area from 0x00000000e0400000 to 0x00000000e6a00000 of length 106954752.
# Possible reasons:
#   The system is out of physical RAM or swap space
#   The process is running with CompressedOops enabled, and the Java Heap may be blocking the growth of the native heap
# Possible solutions:
#   Reduce memory load on the system
#   Increase physical memory or swap space
#   Check if swap backing store is full
#   Decrease Java heap size (-Xmx/-Xms)
#   Decrease number of Java threads
#   Decrease Java thread stack sizes (-Xss)
#   Set larger code cache with -XX:ReservedCodeCacheSize=
#   JVM is running with Unscaled Compressed Oops mode in which the Java heap is
#     placed in the first 4GB address space. The Java Heap base address is the
#     maximum limit for the native heap growth. Please use -XX:HeapBaseMinAddress
#     to set the Java Heap base and to place the Java Heap above 4GB virtual address.
# This output file may be truncated or incomplete.
#
#  Out of Memory Error (os_windows.cpp:3398), pid=996, tid=0x0000000000001f34
#
# JRE version: OpenJDK Runtime Environment (8.0_222-b10) (build 1.8.0_222-b10)
# Java VM: OpenJDK 64-Bit Server VM (25.222-b10 mixed mode windows-amd64 compressed oops)
# Failed to write core dump. Minidumps are not enabled by default on client versions of Windows
#

---------------  T H R E A D  ---------------

Current thread (0x00000152e4b00000):  VMThread [stack: 0x0000002056100000,0x0000002056200000] [id=7988]

Stack: [0x0000002056100000,0x0000002056200000]
[error occurred during error reporting (printing stack bounds), id 0xc0000005]

Native frames: (J=compiled Java code, j=interpreted, Vv=VM code, C=native code)

VM_Operation (0x00000020571fe850): G1IncCollectionPause, mode: safepoint, requested by thread 0x00000152e5d3f800


---------------  P R O C E S S  ---------------

Java Threads: ( => current thread )
  0x00000152e8041800 JavaThread "Worker-10" [_thread_blocked, id=5212, stack(0x000000200c400000,0x000000200c500000)]
  0x00000152e803e800 JavaThread "Worker-9" [_thread_blocked, id=3560, stack(0x0000002005900000,0x0000002005a00000)]
  0x00000152e9a16000 JavaThread "Worker-7" [_thread_blocked, id=364, stack(0x000000206bf00000,0x000000206c000000)]
  0x00000152e9a15000 JavaThread "Worker-6: Java indexing... " [_thread_blocked, id=3252, stack(0x0000002065b00000,0x0000002065c00000)]
  0x00000152e9a19800 JavaThread "pool-1-thread-1" [_thread_in_native, id=4672, stack(0x0000002057500000,0x0000002057600000)]
  0x00000152e5fbe800 JavaThread "Bundle File Closer" daemon [_thread_blocked, id=7328, stack(0x0000002057200000,0x0000002057300000)]
  0x00000152e5d3f800 JavaThread "Java indexing" daemon [_thread_blocked, id=6244, stack(0x0000002057100000,0x0000002057200000)]
  0x00000152e579b800 JavaThread "Worker-JM" [_thread_blocked, id=176, stack(0x0000002056e00000,0x0000002056f00000)]
  0x00000152e4bdd800 JavaThread "Start Level: Equinox Container: 0ae92098-0778-4f2e-9b54-dceb5c13aee6" daemon [_thread_blocked, id=5704, stack(0x0000002056d00000,0x0000002056e00000)]
  0x00000152e4bdb800 JavaThread "Framework Event Dispatcher: Equinox Container: 0ae92098-0778-4f2e-9b54-dceb5c13aee6" daemon [_thread_blocked, id=3492, stack(0x0000002056c00000,0x0000002056d00000)]
  0x00000152e571f000 JavaThread "Active Thread: Equinox Container: 0ae92098-0778-4f2e-9b54-dceb5c13aee6" [_thread_blocked, id=7764, stack(0x0000002056b00000,0x0000002056c00000)]
  0x00000152e4b9c800 JavaThread "Service Thread" daemon [_thread_blocked, id=8060, stack(0x0000002056900000,0x0000002056a00000)]
  0x00000152e4b94800 JavaThread "C1 CompilerThread1" daemon [_thread_blocked, id=500, stack(0x0000002056800000,0x0000002056900000)]
  0x00000152e4b93800 JavaThread "C2 CompilerThread0" daemon [_thread_blocked, id=2232, stack(0x0000002056700000,0x0000002056800000)]
  0x00000152e4b92800 JavaThread "Attach Listener" daemon [_thread_blocked, id=6476, stack(0x0000002056600000,0x0000002056700000)]
  0x00000152e4b4d800 JavaThread "Signal Dispatcher" daemon [_thread_blocked, id=3500, stack(0x0000002056500000,0x0000002056600000)]
  0x00000152e4b4c800 JavaThread "Surrogate Locker Thread (Concurrent GC)" daemon [_thread_blocked, id=7020, stack(0x0000002056400000,0x0000002056500000)]
  0x00000152e4b08800 JavaThread "Finalizer" daemon [_thread_blocked, id=5840, stack(0x0000002056300000,0x0000002056400000)]
  0x00000152e4b07000 JavaThread "Reference Handler" daemon [_thread_blocked, id=7552, stack(0x0000002056200000,0x0000002056300000)]
  0x00000152ce885800 JavaThread "main" [_thread_blocked, id=4196, stack(0x0000002055800000,0x0000002055900000)]

Other Threads:
=>0x00000152e4b00000 VMThread [stack: 0x0000002056100000,0x0000002056200000] [id=7988]
  0x00000152e4ba0000 WatcherThread [stack: 0x0000002056a00000,0x0000002056b00000] [id=7756]

VM state:at safepoint (normal execution)

VM Mutex/Monitor currently owned by a thread:  ([mutex/lock_event])
[0x00000152ce883720] Threads_lock - owner thread: 0x00000152e4b00000
[0x00000152ce884d20] Heap_lock - owner thread: 0x00000152e5d3f800

heap address: 0x00000000c0000000, size: 1024 MB, Compressed Oops mode: 32-bit
Narrow klass base: 0x0000000000000000, Narrow klass shift: 3
Compressed class space size: 1073741824 Address: 0x0000000100000000

Heap:
 garbage-first heap   total 632832K, used 184192K [0x00000000c0000000, 0x00000000c0101350, 0x0000000100000000)
  region size 1024K, 5 young (5120K), 5 survivors (5120K)
 Metaspace       used 52658K, capacity 55850K, committed 56192K, reserved 1099776K
  class space    used 5279K, capacity 6191K, committed 6272K, reserved 1048576K

Heap Regions: (Y=young(eden), SU=young(survivor), HS=humongous(starts), HC=humongous(continues), CS=collection set, F=free, TS=gc time stamp, PTAMS=previous top-at-mark-start, NTAMS=next top-at-mark-start)
AC   0  O    TS     0 PTAMS 0x00000000c0100000 NTAMS 0x00000000c0100000 space 1024K, 100% used [0x00000000c0000000, 0x00000000c0100000)
AC   0  O    TS     0 PTAMS 0x00000000c0200000 NTAMS 0x00000000c0200000 space 1024K, 100% used [0x00000000c0100000, 0x00000000c0200000)
AC   0  O    TS     0 PTAMS 0x00000000c0300000 NTAMS 0x00000000c0300000 space 1024K, 100% used [0x00000000c0200000, 0x00000000c0300000)
AC   0  O    TS     0 PTAMS 0x00000000c0400000 NTAMS 0x00000000c0400000 space 1024K, 100% used [0x00000000c0300000, 0x00000000c0400000)
AC   0  O    TS     0 PTAMS 0x00000000c0500000 NTAMS 0x00000000c0500000 space 1024K, 100% used [0x00000000c0400000, 0x00000000c0500000)
AC   0  O    TS     0 PTAMS 0x00000000c0600000 NTAMS 0x00000000c0600000 space 1024K, 100% used [0x00000000c0500000, 0x00000000c0600000)
AC   0  O    TS     0 PTAMS 0x00000000c0700000 NTAMS 0x00000000c0700000 space 1024K, 100% used [0x00000000c0600000, 0x00000000c0700000)
AC   0  O    TS     0 PTAMS 0x00000000c0800000 NTAMS 0x00000000c0800000 space 1024K, 100% used [0x00000000c0700000, 0x00000000c0800000)
AC   0  O    TS     0 PTAMS 0x00000000c0900000 NTAMS 0x00000000c0900000 space 1024K, 100% used [0x00000000c0800000, 0x00000000c0900000)
AC   0  O    TS     0 PTAMS 0x00000000c0a00000 NTAMS 0x00000000c0a00000 space 1024K, 100% used [0x00000000c0900000, 0x00000000c0a00000)
AC   0  O    TS     0 PTAMS 0x00000000c0b00000 NTAMS 0x00000000c0b00000 space 1024K, 100% used [0x00000000c0a00000, 0x00000000c0b00000)
AC   0  O    TS     0 PTAMS 0x00000000c0c00000 NTAMS 0x00000000c0c00000 space 1024K, 100% used [0x00000000c0b00000, 0x00000000c0c00000)
AC   0  O    TS     0 PTAMS 0x00000000c0d00000 NTAMS 0x00000000c0d00000 space 1024K, 100% used [0x00000000c0c00000, 0x00000000c0d00000)
AC   0  O    TS     0 PTAMS 0x00000000c0e00000 NTAMS 0x00000000c0e00000 space 1024K, 100% used [0x00000000c0d00000, 0x00000000c0e00000)
AC   0  O    TS     0 PTAMS 0x00000000c0f00000 NTAMS 0x00000000c0f00000 space 1024K, 100% used [0x00000000c0e00000, 0x00000000c0f00000)
AC   0 HS    TS     0 PTAMS 0x00000000c0f80010 NTAMS 0x00000000c0f80010 space 1024K,  50% used [0x00000000c0f00000, 0x00000000c1000000)
AC   0  O    TS     0 PTAMS 0x00000000c1100000 NTAMS 0x00000000c1100000 space 1024K, 100% used [0x00000000c1000000, 0x00000000c1100000)
AC   0  O    TS     0 PTAMS 0x00000000c1200000 NTAMS 0x00000000c1200000 space 1024K, 100% used [0x00000000c1100000, 0x00000000c1200000)
AC   0  O    TS     0 PTAMS 0x00000000c1300000 NTAMS 0x00000000c1300000 space 1024K, 100% used [0x00000000c1200000, 0x00000000c1300000)
AC   0  O    TS     0 PTAMS 0x00000000c1400000 NTAMS 0x00000000c1400000 space 1024K, 100% used [0x00000000c1300000, 0x00000000c1400000)
AC   0  O    TS     0 PTAMS 0x00000000c1500000 NTAMS 0x00000000c1500000 space 1024K, 100% used [0x00000000c1400000, 0x00000000c1500000)
AC   0  O    TS     0 PTAMS 0x00000000c1600000 NTAMS 0x00000000c1600000 space 1024K, 100% used [0x00000000c1500000, 0x00000000c1600000)
AC   0  O    TS     0 PTAMS 0x00000000c1700000 NTAMS 0x00000000c1700000 space 1024K, 100% used [0x00000000c1600000, 0x00000000c1700000)
AC   0  O    TS     0 PTAMS 0x00000000c1800000 NTAMS 0x00000000c1800000 space 1024K, 100% used [0x00000000c1700000, 0x00000000c1800000)
AC   0  O    TS     0 PTAMS 0x00000000c1900000 NTAMS 0x00000000c1900000 space 1024K, 100% used [0x00000000c1800000, 0x00000000c1900000)
AC   0  O    TS     0 PTAMS 0x00000000c1a00000 NTAMS 0x00000000c1a00000 space 1024K, 100% used [0x00000000c1900000, 0x00000000c1a00000)
AC   0  O    TS     0 PTAMS 0x00000000c1b00000 NTAMS 0x00000000c1b00000 space 1024K, 100% used [0x00000000c1a00000, 0x00000000c1b00000)
AC   0  O    TS     0 PTAMS 0x00000000c1c00000 NTAMS 0x00000000c1c00000 space 1024K, 100% used [0x00000000c1b00000, 0x00000000c1c00000)
AC   0  O    TS     0 PTAMS 0x00000000c1d00000 NTAMS 0x00000000c1d00000 space 1024K, 100% used [0x00000000c1c00000, 0x00000000c1d00000)
AC   0  O    TS     0 PTAMS 0x00000000c1e00000 NTAMS 0x00000000c1e00000 space 1024K, 100% used [0x00000000c1d00000, 0x00000000c1e00000)
AC   0  O    TS     0 PTAMS 0x00000000c1f00000 NTAMS 0x00000000c1f00000 space 1024K, 100% used [0x00000000c1e00000, 0x00000000c1f00000)
AC   0  O    TS     0 PTAMS 0x00000000c2000000 NTAMS 0x00000000c2000000 space 1024K, 100% used [0x00000000c1f00000, 0x00000000c2000000)
AC   0  O    TS     0 PTAMS 0x00000000c2100000 NTAMS 0x00000000c2100000 space 1024K, 100% used [0x00000000c2000000, 0x00000000c2100000)
AC   0  O    TS     0 PTAMS 0x00000000c2200000 NTAMS 0x00000000c2200000 space 1024K, 100% used [0x00000000c2100000, 0x00000000c2200000)
AC   0  O    TS     0 PTAMS 0x00000000c2300000 NTAMS 0x00000000c2300000 space 1024K, 100% used [0x00000000c2200000, 0x00000000c2300000)
AC   0  O    TS     0 PTAMS 0x00000000c2400000 NTAMS 0x00000000c2400000 space 1024K, 100% used [0x00000000c2300000, 0x00000000c2400000)
AC   0  O    TS     0 PTAMS 0x00000000c2500000 NTAMS 0x00000000c2500000 space 1024K, 100% used [0x00000000c2400000, 0x00000000c2500000)
AC   0  O    TS     0 PTAMS 0x00000000c2600000 NTAMS 0x00000000c2600000 space 1024K, 100% used [0x00000000c2500000, 0x00000000c2600000)
AC   0  O    TS     0 PTAMS 0x00000000c2700000 NTAMS 0x00000000c2700000 space 1024K, 100% used [0x00000000c2600000, 0x00000000c2700000)
AC   0  O    TS     0 PTAMS 0x00000000c2800000 NTAMS 0x00000000c2800000 space 1024K, 100% used [0x00000000c2700000, 0x00000000c2800000)
AC   0  O    TS     0 PTAMS 0x00000000c2900000 NTAMS 0x00000000c2900000 space 1024K, 100% used [0x00000000c2800000, 0x00000000c2900000)
AC   0  O    TS     0 PTAMS 0x00000000c2a00000 NTAMS 0x00000000c2a00000 space 1024K, 100% used [0x00000000c2900000, 0x00000000c2a00000)
AC   0  O    TS     0 PTAMS 0x00000000c2b00000 NTAMS 0x00000000c2b00000 space 1024K, 100% used [0x00000000c2a00000, 0x00000000c2b00000)
AC   0  O    TS     0 PTAMS 0x00000000c2c00000 NTAMS 0x00000000c2c00000 space 1024K, 100% used [0x00000000c2b00000, 0x00000000c2c00000)
AC   0  O    TS     0 PTAMS 0x00000000c2d00000 NTAMS 0x00000000c2d00000 space 1024K, 100% used [0x00000000c2c00000, 0x00000000c2d00000)
AC   0  O    TS     0 PTAMS 0x00000000c2e00000 NTAMS 0x00000000c2e00000 space 1024K, 100% used [0x00000000c2d00000, 0x00000000c2e00000)
AC   0  O    TS     0 PTAMS 0x00000000c2f00000 NTAMS 0x00000000c2f00000 space 1024K, 100% used [0x00000000c2e00000, 0x00000000c2f00000)
AC   0  O    TS     0 PTAMS 0x00000000c3000000 NTAMS 0x00000000c3000000 space 1024K, 100% used [0x00000000c2f00000, 0x00000000c3000000)
AC   0  O    TS     0 PTAMS 0x00000000c3100000 NTAMS 0x00000000c3100000 space 1024K, 100% used [0x00000000c3000000, 0x00000000c3100000)
AC   0  O    TS     0 PTAMS 0x00000000c3200000 NTAMS 0x00000000c3200000 space 1024K, 100% used [0x00000000c3100000, 0x00000000c3200000)
AC   0  O    TS     0 PTAMS 0x00000000c3300000 NTAMS 0x00000000c3300000 space 1024K, 100% used [0x00000000c3200000, 0x00000000c3300000)
AC   0  O    TS     0 PTAMS 0x00000000c3400000 NTAMS 0x00000000c3400000 space 1024K, 100% used [0x00000000c3300000, 0x00000000c3400000)
AC   0  O    TS     0 PTAMS 0x00000000c3500000 NTAMS 0x00000000c3500000 space 1024K, 100% used [0x00000000c3400000, 0x00000000c3500000)
AC   0  O    TS     0 PTAMS 0x00000000c3600000 NTAMS 0x00000000c3600000 space 1024K, 100% used [0x00000000c3500000, 0x00000000c3600000)
AC   0  O    TS     0 PTAMS 0x00000000c3700000 NTAMS 0x00000000c3700000 space 1024K, 100% used [0x00000000c3600000, 0x00000000c3700000)
AC   0  O    TS     0 PTAMS 0x00000000c3800000 NTAMS 0x00000000c3800000 space 1024K, 100% used [0x00000000c3700000, 0x00000000c3800000)
AC   0  O    TS     0 PTAMS 0x00000000c3900000 NTAMS 0x00000000c3900000 space 1024K, 100% used [0x00000000c3800000, 0x00000000c3900000)
AC   0  O    TS     0 PTAMS 0x00000000c3a00000 NTAMS 0x00000000c3a00000 space 1024K, 100% used [0x00000000c3900000, 0x00000000c3a00000)
AC   0  O    TS     0 PTAMS 0x00000000c3b00000 NTAMS 0x00000000c3b00000 space 1024K, 100% used [0x00000000c3a00000, 0x00000000c3b00000)
AC   0  O    TS     0 PTAMS 0x00000000c3c00000 NTAMS 0x00000000c3c00000 space 1024K, 100% used [0x00000000c3b00000, 0x00000000c3c00000)
AC   0  O    TS     0 PTAMS 0x00000000c3d00000 NTAMS 0x00000000c3d00000 space 1024K, 100% used [0x00000000c3c00000, 0x00000000c3d00000)
AC   0  O    TS     0 PTAMS 0x00000000c3e00000 NTAMS 0x00000000c3e00000 space 1024K, 100% used [0x00000000c3d00000, 0x00000000c3e00000)
AC   0  O    TS     0 PTAMS 0x00000000c3f00000 NTAMS 0x00000000c3f00000 space 1024K, 100% used [0x00000000c3e00000, 0x00000000c3f00000)
AC   0  O    TS     0 PTAMS 0x00000000c4000000 NTAMS 0x00000000c4000000 space 1024K, 100% used [0x00000000c3f00000, 0x00000000c4000000)
AC   0  O    TS     0 PTAMS 0x00000000c4100000 NTAMS 0x00000000c4100000 space 1024K, 100% used [0x00000000c4000000, 0x00000000c4100000)
AC   0  O    TS     0 PTAMS 0x00000000c4200000 NTAMS 0x00000000c4200000 space 1024K, 100% used [0x00000000c4100000, 0x00000000c4200000)
AC   0  O    TS     0 PTAMS 0x00000000c4300000 NTAMS 0x00000000c4300000 space 1024K, 100% used [0x00000000c4200000, 0x00000000c4300000)
AC   0  O    TS     0 PTAMS 0x00000000c4400000 NTAMS 0x00000000c4400000 space 1024K, 100% used [0x00000000c4300000, 0x00000000c4400000)
AC   0  O    TS     0 PTAMS 0x00000000c4500000 NTAMS 0x00000000c4500000 space 1024K, 100% used [0x00000000c4400000, 0x00000000c4500000)
AC   0  O    TS     0 PTAMS 0x00000000c4600000 NTAMS 0x00000000c4600000 space 1024K, 100% used [0x00000000c4500000, 0x00000000c4600000)
AC   0  O    TS     0 PTAMS 0x00000000c4700000 NTAMS 0x00000000c4700000 space 1024K, 100% used [0x00000000c4600000, 0x00000000c4700000)
AC   0  O    TS     0 PTAMS 0x00000000c4800000 NTAMS 0x00000000c4800000 space 1024K, 100% used [0x00000000c4700000, 0x00000000c4800000)
AC   0  O    TS     0 PTAMS 0x00000000c4900000 NTAMS 0x00000000c4900000 space 1024K, 100% used [0x00000000c4800000, 0x00000000c4900000)
AC   0  O    TS     0 PTAMS 0x00000000c4a00000 NTAMS 0x00000000c4a00000 space 1024K, 100% used [0x00000000c4900000, 0x00000000c4a00000)
AC   0  O    TS     0 PTAMS 0x00000000c4b00000 NTAMS 0x00000000c4b00000 space 1024K, 100% used [0x00000000c4a00000, 0x00000000c4b00000)
AC   0  O    TS     1 PTAMS 0x00000000c4b00000 NTAMS 0x00000000c4b00000 space 1024K, 100% used [0x00000000c4b00000, 0x00000000c4c00000)
AC   0  O    TS     1 PTAMS 0x00000000c4c00000 NTAMS 0x00000000c4c00000 space 1024K, 100% used [0x00000000c4c00000, 0x00000000c4d00000)
AC   0  O    TS     1 PTAMS 0x00000000c4d00000 NTAMS 0x00000000c4d00000 space 1024K, 100% used [0x00000000c4d00000, 0x00000000c4e00000)
AC   0  O    TS     1 PTAMS 0x00000000c4e00000 NTAMS 0x00000000c4e00000 space 1024K, 100% used [0x00000000c4e00000, 0x00000000c4f00000)
AC   0  O    TS     1 PTAMS 0x00000000c4f00000 NTAMS 0x00000000c4f00000 space 1024K, 100% used [0x00000000c4f00000, 0x00000000c5000000)
AC   0  O    TS     1 PTAMS 0x00000000c5000000 NTAMS 0x00000000c5000000 space 1024K, 100% used [0x00000000c5000000, 0x00000000c5100000)
AC   0  O    TS     1 PTAMS 0x00000000c5100000 NTAMS 0x00000000c5100000 space 1024K, 100% used [0x00000000c5100000, 0x00000000c5200000)
AC   0  O    TS     1 PTAMS 0x00000000c5200000 NTAMS 0x00000000c5200000 space 1024K, 100% used [0x00000000c5200000, 0x00000000c5300000)
AC   0  O    TS     1 PTAMS 0x00000000c5300000 NTAMS 0x00000000c5300000 space 1024K, 100% used [0x00000000c5300000, 0x00000000c5400000)
AC   0  O    TS     1 PTAMS 0x00000000c5400000 NTAMS 0x00000000c5400000 space 1024K, 100% used [0x00000000c5400000, 0x00000000c5500000)
AC   0  F    TS     0 PTAMS 0x00000000c5500000 NTAMS 0x00000000c5500000 space 1024K,   0% used [0x00000000c5500000, 0x00000000c5600000)
AC   0  F    TS     0 PTAMS 0x00000000c5600000 NTAMS 0x00000000c5600000 space 1024K,   0% used [0x00000000c5600000, 0x00000000c5700000)
AC   0  F    TS     0 PTAMS 0x00000000c5700000 NTAMS 0x00000000c5700000 space 1024K,   0% used [0x00000000c5700000, 0x00000000c5800000)
AC   0  F    TS     0 PTAMS 0x00000000c5800000 NTAMS 0x00000000c5800000 space 1024K,   0% used [0x00000000c5800000, 0x00000000c5900000)
AC   0  F    TS     0 PTAMS 0x00000000c5900000 NTAMS 0x00000000c5900000 space 1024K,   0% used [0x00000000c5900000, 0x00000000c5a00000)
AC   0  F    TS     0 PTAMS 0x00000000c5a00000 NTAMS 0x00000000c5a00000 space 1024K,   0% used [0x00000000c5a00000, 0x00000000c5b00000)
AC   0  F    TS     0 PTAMS 0x00000000c5b00000 NTAMS 0x00000000c5b00000 space 1024K,   0% used [0x00000000c5b00000, 0x00000000c5c00000)
AC   0  F    TS     0 PTAMS 0x00000000c5c00000 NTAMS 0x00000000c5c00000 space 1024K,   0% used [0x00000000c5c00000, 0x00000000c5d00000)
AC   0  F    TS     0 PTAMS 0x00000000c5d00000 NTAMS 0x00000000c5d00000 space 1024K,   0% used [0x00000000c5d00000, 0x00000000c5e00000)
AC   0  F    TS     0 PTAMS 0x00000000c5e00000 NTAMS 0x00000000c5e00000 space 1024K,   0% used [0x00000000c5e00000, 0x00000000c5f00000)
AC   0  F    TS     0 PTAMS 0x00000000c5f00000 NTAMS 0x00000000c5f00000 space 1024K,   0% used [0x00000000c5f00000, 0x00000000c6000000)
AC   0  F    TS     0 PTAMS 0x00000000c6000000 NTAMS 0x00000000c6000000 space 1024K,   0% used [0x00000000c6000000, 0x00000000c6100000)
AC   0  O    TS     0 PTAMS 0x00000000c6200000 NTAMS 0x00000000c6200000 space 1024K, 100% used [0x00000000c6100000, 0x00000000c6200000)
AC   0  O    TS     0 PTAMS 0x00000000c6300000 NTAMS 0x00000000c6300000 space 1024K, 100% used [0x00000000c6200000, 0x00000000c6300000)
AC   0  O    TS     0 PTAMS 0x00000000c6400000 NTAMS 0x00000000c6400000 space 1024K, 100% used [0x00000000c6300000, 0x00000000c6400000)
AC   0  O    TS     0 PTAMS 0x00000000c6500000 NTAMS 0x00000000c6500000 space 1024K, 100% used [0x00000000c6400000, 0x00000000c6500000)
AC   0  O    TS     0 PTAMS 0x00000000c6600000 NTAMS 0x00000000c6600000 space 1024K, 100% used [0x00000000c6500000, 0x00000000c6600000)
AC   0  O    TS     0 PTAMS 0x00000000c6700000 NTAMS 0x00000000c6700000 space 1024K, 100% used [0x00000000c6600000, 0x00000000c6700000)
AC   0  O    TS     0 PTAMS 0x00000000c6800000 NTAMS 0x00000000c6800000 space 1024K, 100% used [0x00000000c6700000, 0x00000000c6800000)
AC   0  O    TS     0 PTAMS 0x00000000c6900000 NTAMS 0x00000000c6900000 space 1024K, 100% used [0x00000000c6800000, 0x00000000c6900000)
AC   0  O    TS     0 PTAMS 0x00000000c6a00000 NTAMS 0x00000000c6a00000 space 1024K, 100% used [0x00000000c6900000, 0x00000000c6a00000)
AC   0  O    TS     0 PTAMS 0x00000000c6b00000 NTAMS 0x00000000c6b00000 space 1024K, 100% used [0x00000000c6a00000, 0x00000000c6b00000)
AC   0  O    TS     0 PTAMS 0x00000000c6c00000 NTAMS 0x00000000c6c00000 space 1024K, 100% used [0x00000000c6b00000, 0x00000000c6c00000)
AC   0  O    TS     0 PTAMS 0x00000000c6d00000 NTAMS 0x00000000c6d00000 space 1024K, 100% used [0x00000000c6c00000, 0x00000000c6d00000)
AC   0  O    TS     0 PTAMS 0x00000000c6e00000 NTAMS 0x00000000c6e00000 space 1024K, 100% used [0x00000000c6d00000, 0x00000000c6e00000)
AC   0  O    TS     0 PTAMS 0x00000000c6f00000 NTAMS 0x00000000c6f00000 space 1024K, 100% used [0x00000000c6e00000, 0x00000000c6f00000)
AC   0  O    TS     0 PTAMS 0x00000000c7000000 NTAMS 0x00000000c7000000 space 1024K, 100% used [0x00000000c6f00000, 0x00000000c7000000)
AC   0  O    TS     0 PTAMS 0x00000000c7100000 NTAMS 0x00000000c7100000 space 1024K, 100% used [0x00000000c7000000, 0x00000000c7100000)
AC   0  O    TS     0 PTAMS 0x00000000c7200000 NTAMS 0x00000000c7200000 space 1024K, 100% used [0x00000000c7100000, 0x00000000c7200000)
AC   0  O    TS     0 PTAMS 0x00000000c7300000 NTAMS 0x00000000c7300000 space 1024K, 100% used [0x00000000c7200000, 0x00000000c7300000)
AC   0  F    TS     0 PTAMS 0x00000000c7300000 NTAMS 0x00000000c7300000 space 1024K,   0% used [0x00000000c7300000, 0x00000000c7400000)
AC   0  O    TS     0 PTAMS 0x00000000c7500000 NTAMS 0x00000000c7500000 space 1024K, 100% used [0x00000000c7400000, 0x00000000c7500000)
AC   0  O    TS     0 PTAMS 0x00000000c7600000 NTAMS 0x00000000c7600000 space 1024K, 100% used [0x00000000c7500000, 0x00000000c7600000)
AC   0  O    TS     0 PTAMS 0x00000000c7700000 NTAMS 0x00000000c7700000 space 1024K, 100% used [0x00000000c7600000, 0x00000000c7700000)
AC   0  O    TS     0 PTAMS 0x00000000c7800000 NTAMS 0x00000000c7800000 space 1024K, 100% used [0x00000000c7700000, 0x00000000c7800000)
AC   0  O    TS     0 PTAMS 0x00000000c7900000 NTAMS 0x00000000c7900000 space 1024K, 100% used [0x00000000c7800000, 0x00000000c7900000)
AC   0  O    TS     0 PTAMS 0x00000000c7a00000 NTAMS 0x00000000c7a00000 space 1024K, 100% used [0x00000000c7900000, 0x00000000c7a00000)
AC   0  O    TS     0 PTAMS 0x00000000c7b00000 NTAMS 0x00000000c7b00000 space 1024K, 100% used [0x00000000c7a00000, 0x00000000c7b00000)
AC   0  O    TS     0 PTAMS 0x00000000c7c00000 NTAMS 0x00000000c7c00000 space 1024K, 100% used [0x00000000c7b00000, 0x00000000c7c00000)
AC   0  O    TS     0 PTAMS 0x00000000c7d00000 NTAMS 0x00000000c7d00000 space 1024K, 100% used [0x00000000c7c00000, 0x00000000c7d00000)
AC   0  O    TS     0 PTAMS 0x00000000c7e00000 NTAMS 0x00000000c7e00000 space 1024K, 100% used [0x00000000c7d00000, 0x00000000c7e00000)
AC   0  O    TS     0 PTAMS 0x00000000c7f00000 NTAMS 0x00000000c7f00000 space 1024K, 100% used [0x00000000c7e00000, 0x00000000c7f00000)
AC   0  O    TS     0 PTAMS 0x00000000c8000000 NTAMS 0x00000000c8000000 space 1024K, 100% used [0x00000000c7f00000, 0x00000000c8000000)
AC   0  O    TS     0 PTAMS 0x00000000c8100000 NTAMS 0x00000000c8100000 space 1024K, 100% used [0x00000000c8000000, 0x00000000c8100000)
AC   0  O    TS     0 PTAMS 0x00000000c8200000 NTAMS 0x00000000c8200000 space 1024K, 100% used [0x00000000c8100000, 0x00000000c8200000)
AC   0  O    TS     0 PTAMS 0x00000000c8300000 NTAMS 0x00000000c8300000 space 1024K, 100% used [0x00000000c8200000, 0x00000000c8300000)
AC   0  O    TS     0 PTAMS 0x00000000c8400000 NTAMS 0x00000000c8400000 space 1024K, 100% used [0x00000000c8300000, 0x00000000c8400000)
AC   0  F    TS     0 PTAMS 0x00000000c8400000 NTAMS 0x00000000c8400000 space 1024K,   0% used [0x00000000c8400000, 0x00000000c8500000)
AC   0  F    TS     0 PTAMS 0x00000000c8500000 NTAMS 0x00000000c8500000 space 1024K,   0% used [0x00000000c8500000, 0x00000000c8600000)
AC   0  O    TS     0 PTAMS 0x00000000c8700000 NTAMS 0x00000000c8700000 space 1024K, 100% used [0x00000000c8600000, 0x00000000c8700000)
AC   0  O    TS     0 PTAMS 0x00000000c8800000 NTAMS 0x00000000c8800000 space 1024K, 100% used [0x00000000c8700000, 0x00000000c8800000)
AC   0  O    TS     0 PTAMS 0x00000000c8900000 NTAMS 0x00000000c8900000 space 1024K, 100% used [0x00000000c8800000, 0x00000000c8900000)
AC   0  O    TS     0 PTAMS 0x00000000c8a00000 NTAMS 0x00000000c8a00000 space 1024K, 100% used [0x00000000c8900000, 0x00000000c8a00000)
AC   0  O    TS     0 PTAMS 0x00000000c8b00000 NTAMS 0x00000000c8b00000 space 1024K, 100% used [0x00000000c8a00000, 0x00000000c8b00000)
AC   0  O    TS     0 PTAMS 0x00000000c8c00000 NTAMS 0x00000000c8c00000 space 1024K, 100% used [0x00000000c8b00000, 0x00000000c8c00000)
AC   0  O    TS     0 PTAMS 0x00000000c8d00000 NTAMS 0x00000000c8d00000 space 1024K, 100% used [0x00000000c8c00000, 0x00000000c8d00000)
AC   0  O    TS     0 PTAMS 0x00000000c8e00000 NTAMS 0x00000000c8e00000 space 1024K, 100% used [0x00000000c8d00000, 0x00000000c8e00000)
AC   0  O    TS     0 PTAMS 0x00000000c8f00000 NTAMS 0x00000000c8f00000 space 1024K, 100% used [0x00000000c8e00000, 0x00000000c8f00000)
AC   0  O    TS     0 PTAMS 0x00000000c9000000 NTAMS 0x00000000c9000000 space 1024K, 100% used [0x00000000c8f00000, 0x00000000c9000000)
AC   0  O    TS     0 PTAMS 0x00000000c9100000 NTAMS 0x00000000c9100000 space 1024K, 100% used [0x00000000c9000000, 0x00000000c9100000)
AC   0  O    TS     0 PTAMS 0x00000000c9200000 NTAMS 0x00000000c9200000 space 1024K, 100% used [0x00000000c9100000, 0x00000000c9200000)
AC   0  O    TS     0 PTAMS 0x00000000c9300000 NTAMS 0x00000000c9300000 space 1024K, 100% used [0x00000000c9200000, 0x00000000c9300000)
AC   0  O    TS     0 PTAMS 0x00000000c9400000 NTAMS 0x00000000c9400000 space 1024K, 100% used [0x00000000c9300000, 0x00000000c9400000)
AC   0  O    TS     0 PTAMS 0x00000000c9500000 NTAMS 0x00000000c9500000 space 1024K, 100% used [0x00000000c9400000, 0x00000000c9500000)
AC   0  O    TS     0 PTAMS 0x00000000c9600000 NTAMS 0x00000000c9600000 space 1024K, 100% used [0x00000000c9500000, 0x00000000c9600000)
AC   0  O    TS     0 PTAMS 0x00000000c9700000 NTAMS 0x00000000c9700000 space 1024K, 100% used [0x00000000c9600000, 0x00000000c9700000)
AC   0  O    TS     0 PTAMS 0x00000000c9800000 NTAMS 0x00000000c9800000 space 1024K, 100% used [0x00000000c9700000, 0x00000000c9800000)
AC   0  O    TS     0 PTAMS 0x00000000c9900000 NTAMS 0x00000000c9900000 space 1024K, 100% used [0x00000000c9800000, 0x00000000c9900000)
AC   0  O    TS     0 PTAMS 0x00000000c9a00000 NTAMS 0x00000000c9a00000 space 1024K, 100% used [0x00000000c9900000, 0x00000000c9a00000)
AC   0  O    TS     0 PTAMS 0x00000000c9b00000 NTAMS 0x00000000c9b00000 space 1024K, 100% used [0x00000000c9a00000, 0x00000000c9b00000)
AC   0  O    TS     0 PTAMS 0x00000000c9c00000 NTAMS 0x00000000c9c00000 space 1024K, 100% used [0x00000000c9b00000, 0x00000000c9c00000)
AC   0  O    TS     0 PTAMS 0x00000000c9d00000 NTAMS 0x00000000c9d00000 space 1024K, 100% used [0x00000000c9c00000, 0x00000000c9d00000)
AC   0  O    TS     0 PTAMS 0x00000000c9e00000 NTAMS 0x00000000c9e00000 space 1024K, 100% used [0x00000000c9d00000, 0x00000000c9e00000)
AC   0  O    TS     0 PTAMS 0x00000000c9f00000 NTAMS 0x00000000c9f00000 space 1024K, 100% used [0x00000000c9e00000, 0x00000000c9f00000)
AC   0  O    TS     0 PTAMS 0x00000000ca000000 NTAMS 0x00000000ca000000 space 1024K, 100% used [0x00000000c9f00000, 0x00000000ca000000)
AC   0  O    TS     0 PTAMS 0x00000000ca100000 NTAMS 0x00000000ca100000 space 1024K, 100% used [0x00000000ca000000, 0x00000000ca100000)
AC   0  O    TS     0 PTAMS 0x00000000ca200000 NTAMS 0x00000000ca200000 space 1024K, 100% used [0x00000000ca100000, 0x00000000ca200000)
AC   0  O    TS     0 PTAMS 0x00000000ca300000 NTAMS 0x00000000ca300000 space 1024K, 100% used [0x00000000ca200000, 0x00000000ca300000)
AC   0 HS    TS     0 PTAMS 0x00000000ca660008 NTAMS 0x00000000ca660008 space 4096K,  84% used [0x00000000ca300000, 0x00000000ca700000)
AC   0 HC    TS     0 PTAMS 0x00000000ca400000 NTAMS 0x00000000ca400000 space 1024K, 100% used [0x00000000ca400000, 0x00000000ca500000)
AC   0 HC    TS     0 PTAMS 0x00000000ca500000 NTAMS 0x00000000ca500000 space 1024K, 100% used [0x00000000ca500000, 0x00000000ca600000)
AC   0 HC    TS     0 PTAMS 0x00000000ca600000 NTAMS 0x00000000ca600000 space 1024K,  37% used [0x00000000ca600000, 0x00000000ca700000)
AC   0  O    TS     0 PTAMS 0x00000000ca800000 NTAMS 0x00000000ca800000 space 1024K, 100% used [0x00000000ca700000, 0x00000000ca800000)
AC   0  O    TS     0 PTAMS 0x00000000ca900000 NTAMS 0x00000000ca900000 space 1024K, 100% used [0x00000000ca800000, 0x00000000ca900000)
AC   0  O    TS     0 PTAMS 0x00000000caa00000 NTAMS 0x00000000caa00000 space 1024K, 100% used [0x00000000ca900000, 0x00000000caa00000)
AC   0  O    TS     0 PTAMS 0x00000000cab00000 NTAMS 0x00000000cab00000 space 1024K, 100% used [0x00000000caa00000, 0x00000000cab00000)
AC   0  O    TS     0 PTAMS 0x00000000cac00000 NTAMS 0x00000000cac00000 space 1024K, 100% used [0x00000000cab00000, 0x00000000cac00000)
AC   0  O    TS     0 PTAMS 0x00000000cad00000 NTAMS 0x00000000cad00000 space 1024K, 100% used [0x00000000cac00000, 0x00000000cad00000)
AC   0  O    TS     0 PTAMS 0x00000000cae00000 NTAMS 0x00000000cae00000 space 1024K, 100% used [0x00000000cad00000, 0x00000000cae00000)
AC   0  O    TS     0 PTAMS 0x00000000caf00000 NTAMS 0x00000000caf00000 space 1024K, 100% used [0x00000000cae00000, 0x00000000caf00000)
AC   0  O    TS     0 PTAMS 0x00000000cb000000 NTAMS 0x00000000cb000000 space 1024K, 100% used [0x00000000caf00000, 0x00000000cb000000)
AC   0  O    TS     0 PTAMS 0x00000000cb100000 NTAMS 0x00000000cb100000 space 1024K, 100% used [0x00000000cb000000, 0x00000000cb100000)
AC   0  O    TS     0 PTAMS 0x00000000cb200000 NTAMS 0x00000000cb200000 space 1024K, 100% used [0x00000000cb100000, 0x00000000cb200000)
AC   0  O    TS     0 PTAMS 0x00000000cb300000 NTAMS 0x00000000cb300000 space 1024K, 100% used [0x00000000cb200000, 0x00000000cb300000)
AC   0  O    TS     0 PTAMS 0x00000000cb400000 NTAMS 0x00000000cb400000 space 1024K, 100% used [0x00000000cb300000, 0x00000000cb400000)
AC   0  O    TS     0 PTAMS 0x00000000cb500000 NTAMS 0x00000000cb500000 space 1024K, 100% used [0x00000000cb400000, 0x00000000cb500000)
AC   0  O    TS     0 PTAMS 0x00000000cb600000 NTAMS 0x00000000cb600000 space 1024K, 100% used [0x00000000cb500000, 0x00000000cb600000)
AC   0  O    TS     0 PTAMS 0x00000000cb700000 NTAMS 0x00000000cb700000 space 1024K, 100% used [0x00000000cb600000, 0x00000000cb700000)
AC   0  O    TS     0 PTAMS 0x00000000cb800000 NTAMS 0x00000000cb800000 space 1024K, 100% used [0x00000000cb700000, 0x00000000cb800000)
AC   0  O    TS     0 PTAMS 0x00000000cb900000 NTAMS 0x00000000cb900000 space 1024K, 100% used [0x00000000cb800000, 0x00000000cb900000)
AC   0  O    TS     0 PTAMS 0x00000000cba00000 NTAMS 0x00000000cba00000 space 1024K, 100% used [0x00000000cb900000, 0x00000000cba00000)
AC   0  O    TS     0 PTAMS 0x00000000cbb00000 NTAMS 0x00000000cbb00000 space 1024K, 100% used [0x00000000cba00000, 0x00000000cbb00000)
AC   0  O    TS     0 PTAMS 0x00000000cbc00000 NTAMS 0x00000000cbc00000 space 1024K, 100% used [0x00000000cbb00000, 0x00000000cbc00000)
AC   0  O    TS     0 PTAMS 0x00000000cbd00000 NTAMS 0x00000000cbd00000 space 1024K, 100% used [0x00000000cbc00000, 0x00000000cbd00000)
AC   0  O    TS     0 PTAMS 0x00000000cbe00000 NTAMS 0x00000000cbe00000 space 1024K, 100% used [0x00000000cbd00000, 0x00000000cbe00000)
AC   0  O    TS     0 PTAMS 0x00000000cbf00000 NTAMS 0x00000000cbf00000 space 1024K, 100% used [0x00000000cbe00000, 0x00000000cbf00000)
AC   0  F    TS     0 PTAMS 0x00000000cbf00000 NTAMS 0x00000000cbf00000 space 1024K,   0% used [0x00000000cbf00000, 0x00000000cc000000)
AC   0  F    TS     0 PTAMS 0x00000000cc000000 NTAMS 0x00000000cc000000 space 1024K,   0% used [0x00000000cc000000, 0x00000000cc100000)
AC   0  F    TS     0 PTAMS 0x00000000cc100000 NTAMS 0x00000000cc100000 space 1024K,   0% used [0x00000000cc100000, 0x00000000cc200000)
AC   0  F    TS     0 PTAMS 0x00000000cc200000 NTAMS 0x00000000cc200000 space 1024K,   0% used [0x00000000cc200000, 0x00000000cc300000)
AC   0  F    TS     0 PTAMS 0x00000000cc300000 NTAMS 0x00000000cc300000 space 1024K,   0% used [0x00000000cc300000, 0x00000000cc400000)
AC   0  F    TS     0 PTAMS 0x00000000cc400000 NTAMS 0x00000000cc400000 space 1024K,   0% used [0x00000000cc400000, 0x00000000cc500000)
AC   0  F    TS     0 PTAMS 0x00000000cc500000 NTAMS 0x00000000cc500000 space 1024K,   0% used [0x00000000cc500000, 0x00000000cc600000)
AC   0  F    TS     0 PTAMS 0x00000000cc600000 NTAMS 0x00000000cc600000 space 1024K,   0% used [0x00000000cc600000, 0x00000000cc700000)
AC   0  F    TS     0 PTAMS 0x00000000cc700000 NTAMS 0x00000000cc700000 space 1024K,   0% used [0x00000000cc700000, 0x00000000cc800000)
AC   0  F    TS     0 PTAMS 0x00000000cc800000 NTAMS 0x00000000cc800000 space 1024K,   0% used [0x00000000cc800000, 0x00000000cc900000)
AC   0  F    TS     0 PTAMS 0x00000000cc900000 NTAMS 0x00000000cc900000 space 1024K,   0% used [0x00000000cc900000, 0x00000000cca00000)
AC   0  F    TS     0 PTAMS 0x00000000cca00000 NTAMS 0x00000000cca00000 space 1024K,   0% used [0x00000000cca00000, 0x00000000ccb00000)
AC   0  F    TS     0 PTAMS 0x00000000ccb00000 NTAMS 0x00000000ccb00000 space 1024K,   0% used [0x00000000ccb00000, 0x00000000ccc00000)
AC   0  F    TS     0 PTAMS 0x00000000ccc00000 NTAMS 0x00000000ccc00000 space 1024K,   0% used [0x00000000ccc00000, 0x00000000ccd00000)
AC   0  F    TS     0 PTAMS 0x00000000ccd00000 NTAMS 0x00000000ccd00000 space 1024K,   0% used [0x00000000ccd00000, 0x00000000cce00000)
AC   0  F    TS     0 PTAMS 0x00000000cce00000 NTAMS 0x00000000cce00000 space 1024K,   0% used [0x00000000cce00000, 0x00000000ccf00000)
AC   0  F    TS     0 PTAMS 0x00000000ccf00000 NTAMS 0x00000000ccf00000 space 1024K,   0% used [0x00000000ccf00000, 0x00000000cd000000)
AC   0  F    TS     0 PTAMS 0x00000000cd000000 NTAMS 0x00000000cd000000 space 1024K,   0% used [0x00000000cd000000, 0x00000000cd100000)
AC   0  F    TS     0 PTAMS 0x00000000cd100000 NTAMS 0x00000000cd100000 space 1024K,   0% used [0x00000000cd100000, 0x00000000cd200000)
AC   0  F    TS     0 PTAMS 0x00000000cd200000 NTAMS 0x00000000cd200000 space 1024K,   0% used [0x00000000cd200000, 0x00000000cd300000)
AC   0  F    TS     0 PTAMS 0x00000000cd300000 NTAMS 0x00000000cd300000 space 1024K,   0% used [0x00000000cd300000, 0x00000000cd400000)
AC   0  F    TS     0 PTAMS 0x00000000cd400000 NTAMS 0x00000000cd400000 space 1024K,   0% used [0x00000000cd400000, 0x00000000cd500000)
AC   0  F    TS     0 PTAMS 0x00000000cd500000 NTAMS 0x00000000cd500000 space 1024K,   0% used [0x00000000cd500000, 0x00000000cd600000)
AC   0  F    TS     0 PTAMS 0x00000000cd600000 NTAMS 0x00000000cd600000 space 1024K,   0% used [0x00000000cd600000, 0x00000000cd700000)
AC   0  F    TS     0 PTAMS 0x00000000cd700000 NTAMS 0x00000000cd700000 space 1024K,   0% used [0x00000000cd700000, 0x00000000cd800000)
AC   0  F    TS     0 PTAMS 0x00000000cd800000 NTAMS 0x00000000cd800000 space 1024K,   0% used [0x00000000cd800000, 0x00000000cd900000)
AC   0  F    TS     0 PTAMS 0x00000000cd900000 NTAMS 0x00000000cd900000 space 1024K,   0% used [0x00000000cd900000, 0x00000000cda00000)
AC   0  F    TS     0 PTAMS 0x00000000cda00000 NTAMS 0x00000000cda00000 space 1024K,   0% used [0x00000000cda00000, 0x00000000cdb00000)
AC   0  F    TS     0 PTAMS 0x00000000cdb00000 NTAMS 0x00000000cdb00000 space 1024K,   0% used [0x00000000cdb00000, 0x00000000cdc00000)
AC   0  F    TS     0 PTAMS 0x00000000cdc00000 NTAMS 0x00000000cdc00000 space 1024K,   0% used [0x00000000cdc00000, 0x00000000cdd00000)
AC   0  F    TS     0 PTAMS 0x00000000cdd00000 NTAMS 0x00000000cdd00000 space 1024K,   0% used [0x00000000cdd00000, 0x00000000cde00000)
AC   0  F    TS     0 PTAMS 0x00000000cde00000 NTAMS 0x00000000cde00000 space 1024K,   0% used [0x00000000cde00000, 0x00000000cdf00000)
AC   0  F    TS     0 PTAMS 0x00000000cdf00000 NTAMS 0x00000000cdf00000 space 1024K,   0% used [0x00000000cdf00000, 0x00000000ce000000)
AC   0  F    TS     0 PTAMS 0x00000000ce000000 NTAMS 0x00000000ce000000 space 1024K,   0% used [0x00000000ce000000, 0x00000000ce100000)
AC   0  F    TS     0 PTAMS 0x00000000ce100000 NTAMS 0x00000000ce100000 space 1024K,   0% used [0x00000000ce100000, 0x00000000ce200000)
AC   0  F    TS     0 PTAMS 0x00000000ce200000 NTAMS 0x00000000ce200000 space 1024K,   0% used [0x00000000ce200000, 0x00000000ce300000)
AC   0  F    TS     0 PTAMS 0x00000000ce300000 NTAMS 0x00000000ce300000 space 1024K,   0% used [0x00000000ce300000, 0x00000000ce400000)
AC   0  F    TS     0 PTAMS 0x00000000ce400000 NTAMS 0x00000000ce400000 space 1024K,   0% used [0x00000000ce400000, 0x00000000ce500000)
AC   0  F    TS     0 PTAMS 0x00000000ce500000 NTAMS 0x00000000ce500000 space 1024K,   0% used [0x00000000ce500000, 0x00000000ce600000)
AC   0  F    TS     0 PTAMS 0x00000000ce600000 NTAMS 0x00000000ce600000 space 1024K,   0% used [0x00000000ce600000, 0x00000000ce700000)
AC   0  F    TS     0 PTAMS 0x00000000ce700000 NTAMS 0x00000000ce700000 space 1024K,   0% used [0x00000000ce700000, 0x00000000ce800000)
AC   0  F    TS     0 PTAMS 0x00000000ce800000 NTAMS 0x00000000ce800000 space 1024K,   0% used [0x00000000ce800000, 0x00000000ce900000)
AC   0  F    TS     0 PTAMS 0x00000000ce900000 NTAMS 0x00000000ce900000 space 1024K,   0% used [0x00000000ce900000, 0x00000000cea00000)
AC   0  F    TS     0 PTAMS 0x00000000cea00000 NTAMS 0x00000000cea00000 space 1024K,   0% used [0x00000000cea00000, 0x00000000ceb00000)
AC   0  F    TS     0 PTAMS 0x00000000ceb00000 NTAMS 0x00000000ceb00000 space 1024K,   0% used [0x00000000ceb00000, 0x00000000cec00000)
AC   0  F    TS     0 PTAMS 0x00000000cec00000 NTAMS 0x00000000cec00000 space 1024K,   0% used [0x00000000cec00000, 0x00000000ced00000)
AC   0  F    TS     0 PTAMS 0x00000000ced00000 NTAMS 0x00000000ced00000 space 1024K,   0% used [0x00000000ced00000, 0x00000000cee00000)
AC   0  F    TS     0 PTAMS 0x00000000cee00000 NTAMS 0x00000000cee00000 space 1024K,   0% used [0x00000000cee00000, 0x00000000cef00000)
AC   0  F    TS     0 PTAMS 0x00000000cef00000 NTAMS 0x00000000cef00000 space 1024K,   0% used [0x00000000cef00000, 0x00000000cf000000)
AC   0  F    TS     0 PTAMS 0x00000000cf000000 NTAMS 0x00000000cf000000 space 1024K,   0% used [0x00000000cf000000, 0x00000000cf100000)
AC   0  F    TS     0 PTAMS 0x00000000cf100000 NTAMS 0x00000000cf100000 space 1024K,   0% used [0x00000000cf100000, 0x00000000cf200000)
AC   0  F    TS     0 PTAMS 0x00000000cf200000 NTAMS 0x00000000cf200000 space 1024K,   0% used [0x00000000cf200000, 0x00000000cf300000)
AC   0  F    TS     0 PTAMS 0x00000000cf300000 NTAMS 0x00000000cf300000 space 1024K,   0% used [0x00000000cf300000, 0x00000000cf400000)
AC   0  F    TS     0 PTAMS 0x00000000cf400000 NTAMS 0x00000000cf400000 space 1024K,   0% used [0x00000000cf400000, 0x00000000cf500000)
AC   0  F    TS     0 PTAMS 0x00000000cf500000 NTAMS 0x00000000cf500000 space 1024K,   0% used [0x00000000cf500000, 0x00000000cf600000)
AC   0  F    TS     0 PTAMS 0x00000000cf600000 NTAMS 0x00000000cf600000 space 1024K,   0% used [0x00000000cf600000, 0x00000000cf700000)
AC   0  F    TS     0 PTAMS 0x00000000cf700000 NTAMS 0x00000000cf700000 space 1024K,   0% used [0x00000000cf700000, 0x00000000cf800000)
AC   0  F    TS     0 PTAMS 0x00000000cf800000 NTAMS 0x00000000cf800000 space 1024K,   0% used [0x00000000cf800000, 0x00000000cf900000)
AC   0  F    TS     0 PTAMS 0x00000000cf900000 NTAMS 0x00000000cf900000 space 1024K,   0% used [0x00000000cf900000, 0x00000000cfa00000)
AC   0  F    TS     0 PTAMS 0x00000000cfa00000 NTAMS 0x00000000cfa00000 space 1024K,   0% used [0x00000000cfa00000, 0x00000000cfb00000)
AC   0  F    TS     0 PTAMS 0x00000000cfb00000 NTAMS 0x00000000cfb00000 space 1024K,   0% used [0x00000000cfb00000, 0x00000000cfc00000)
AC   0  F    TS     0 PTAMS 0x00000000cfc00000 NTAMS 0x00000000cfc00000 space 1024K,   0% used [0x00000000cfc00000, 0x00000000cfd00000)
AC   0  F    TS     0 PTAMS 0x00000000cfd00000 NTAMS 0x00000000cfd00000 space 1024K,   0% used [0x00000000cfd00000, 0x00000000cfe00000)
AC   0  F    TS     0 PTAMS 0x00000000cfe00000 NTAMS 0x00000000cfe00000 space 1024K,   0% used [0x00000000cfe00000, 0x00000000cff00000)
AC   0  F    TS     0 PTAMS 0x00000000cff00000 NTAMS 0x00000000cff00000 space 1024K,   0% used [0x00000000cff00000, 0x00000000d0000000)
AC   0  F    TS     0 PTAMS 0x00000000d0000000 NTAMS 0x00000000d0000000 space 1024K,   0% used [0x00000000d0000000, 0x00000000d0100000)
AC   0  F    TS     0 PTAMS 0x00000000d0100000 NTAMS 0x00000000d0100000 space 1024K,   0% used [0x00000000d0100000, 0x00000000d0200000)
AC   0  F    TS     0 PTAMS 0x00000000d0200000 NTAMS 0x00000000d0200000 space 1024K,   0% used [0x00000000d0200000, 0x00000000d0300000)
AC   0  F    TS     0 PTAMS 0x00000000d0300000 NTAMS 0x00000000d0300000 space 1024K,   0% used [0x00000000d0300000, 0x00000000d0400000)
AC   0  F    TS     0 PTAMS 0x00000000d0400000 NTAMS 0x00000000d0400000 space 1024K,   0% used [0x00000000d0400000, 0x00000000d0500000)
AC   0  F    TS     0 PTAMS 0x00000000d0500000 NTAMS 0x00000000d0500000 space 1024K,   0% used [0x00000000d0500000, 0x00000000d0600000)
AC   0  F    TS     0 PTAMS 0x00000000d0600000 NTAMS 0x00000000d0600000 space 1024K,   0% used [0x00000000d0600000, 0x00000000d0700000)
AC   0  F    TS     0 PTAMS 0x00000000d0700000 NTAMS 0x00000000d0700000 space 1024K,   0% used [0x00000000d0700000, 0x00000000d0800000)
AC   0  F    TS     0 PTAMS 0x00000000d0800000 NTAMS 0x00000000d0800000 space 1024K,   0% used [0x00000000d0800000, 0x00000000d0900000)
AC   0  F    TS     0 PTAMS 0x00000000d0900000 NTAMS 0x00000000d0900000 space 1024K,   0% used [0x00000000d0900000, 0x00000000d0a00000)
AC   0  F    TS     0 PTAMS 0x00000000d0a00000 NTAMS 0x00000000d0a00000 space 1024K,   0% used [0x00000000d0a00000, 0x00000000d0b00000)
AC   0  F    TS     0 PTAMS 0x00000000d0b00000 NTAMS 0x00000000d0b00000 space 1024K,   0% used [0x00000000d0b00000, 0x00000000d0c00000)
AC   0  F    TS     0 PTAMS 0x00000000d0c00000 NTAMS 0x00000000d0c00000 space 1024K,   0% used [0x00000000d0c00000, 0x00000000d0d00000)
AC   0  F    TS     0 PTAMS 0x00000000d0d00000 NTAMS 0x00000000d0d00000 space 1024K,   0% used [0x00000000d0d00000, 0x00000000d0e00000)
AC   0  F    TS     0 PTAMS 0x00000000d0e00000 NTAMS 0x00000000d0e00000 space 1024K,   0% used [0x00000000d0e00000, 0x00000000d0f00000)
AC   0  F    TS     0 PTAMS 0x00000000d0f00000 NTAMS 0x00000000d0f00000 space 1024K,   0% used [0x00000000d0f00000, 0x00000000d1000000)
AC   0  F    TS     0 PTAMS 0x00000000d1000000 NTAMS 0x00000000d1000000 space 1024K,   0% used [0x00000000d1000000, 0x00000000d1100000)
AC   0  F    TS     0 PTAMS 0x00000000d1100000 NTAMS 0x00000000d1100000 space 1024K,   0% used [0x00000000d1100000, 0x00000000d1200000)
AC   0  F    TS     0 PTAMS 0x00000000d1200000 NTAMS 0x00000000d1200000 space 1024K,   0% used [0x00000000d1200000, 0x00000000d1300000)
AC   0  F    TS     0 PTAMS 0x00000000d1300000 NTAMS 0x00000000d1300000 space 1024K,   0% used [0x00000000d1300000, 0x00000000d1400000)
AC   0  F    TS     0 PTAMS 0x00000000d1400000 NTAMS 0x00000000d1400000 space 1024K,   0% used [0x00000000d1400000, 0x00000000d1500000)
AC   0  F    TS     0 PTAMS 0x00000000d1500000 NTAMS 0x00000000d1500000 space 1024K,   0% used [0x00000000d1500000, 0x00000000d1600000)
AC   0  F    TS     0 PTAMS 0x00000000d1600000 NTAMS 0x00000000d1600000 space 1024K,   0% used [0x00000000d1600000, 0x00000000d1700000)
AC   0  F    TS     0 PTAMS 0x00000000d1700000 NTAMS 0x00000000d1700000 space 1024K,   0% used [0x00000000d1700000, 0x00000000d1800000)
AC   0  F    TS     0 PTAMS 0x00000000d1800000 NTAMS 0x00000000d1800000 space 1024K,   0% used [0x00000000d1800000, 0x00000000d1900000)
AC   0  F    TS     0 PTAMS 0x00000000d1900000 NTAMS 0x00000000d1900000 space 1024K,   0% used [0x00000000d1900000, 0x00000000d1a00000)
AC   0  F    TS     0 PTAMS 0x00000000d1a00000 NTAMS 0x00000000d1a00000 space 1024K,   0% used [0x00000000d1a00000, 0x00000000d1b00000)
AC   0  F    TS     0 PTAMS 0x00000000d1b00000 NTAMS 0x00000000d1b00000 space 1024K,   0% used [0x00000000d1b00000, 0x00000000d1c00000)
AC   0  F    TS     0 PTAMS 0x00000000d1c00000 NTAMS 0x00000000d1c00000 space 1024K,   0% used [0x00000000d1c00000, 0x00000000d1d00000)
AC   0  F    TS     0 PTAMS 0x00000000d1d00000 NTAMS 0x00000000d1d00000 space 1024K,   0% used [0x00000000d1d00000, 0x00000000d1e00000)
AC   0  F    TS     0 PTAMS 0x00000000d1e00000 NTAMS 0x00000000d1e00000 space 1024K,   0% used [0x00000000d1e00000, 0x00000000d1f00000)
AC   0  F    TS     0 PTAMS 0x00000000d1f00000 NTAMS 0x00000000d1f00000 space 1024K,   0% used [0x00000000d1f00000, 0x00000000d2000000)
AC   0  F    TS     0 PTAMS 0x00000000d2000000 NTAMS 0x00000000d2000000 space 1024K,   0% used [0x00000000d2000000, 0x00000000d2100000)
AC   0  F    TS     0 PTAMS 0x00000000d2100000 NTAMS 0x00000000d2100000 space 1024K,   0% used [0x00000000d2100000, 0x00000000d2200000)
AC   0  F    TS     0 PTAMS 0x00000000d2200000 NTAMS 0x00000000d2200000 space 1024K,   0% used [0x00000000d2200000, 0x00000000d2300000)
AC   0  F    TS     0 PTAMS 0x00000000d2300000 NTAMS 0x00000000d2300000 space 1024K,   0% used [0x00000000d2300000, 0x00000000d2400000)
AC   0  F    TS     0 PTAMS 0x00000000d2400000 NTAMS 0x00000000d2400000 space 1024K,   0% used [0x00000000d2400000, 0x00000000d2500000)
AC   0  F    TS     0 PTAMS 0x00000000d2500000 NTAMS 0x00000000d2500000 space 1024K,   0% used [0x00000000d2500000, 0x00000000d2600000)
AC   0  F    TS     0 PTAMS 0x00000000d2600000 NTAMS 0x00000000d2600000 space 1024K,   0% used [0x00000000d2600000, 0x00000000d2700000)
AC   0  F    TS     0 PTAMS 0x00000000d2700000 NTAMS 0x00000000d2700000 space 1024K,   0% used [0x00000000d2700000, 0x00000000d2800000)
AC   0  F    TS     0 PTAMS 0x00000000d2800000 NTAMS 0x00000000d2800000 space 1024K,   0% used [0x00000000d2800000, 0x00000000d2900000)
AC   0  F    TS     0 PTAMS 0x00000000d2900000 NTAMS 0x00000000d2900000 space 1024K,   0% used [0x00000000d2900000, 0x00000000d2a00000)
AC   0  F    TS     0 PTAMS 0x00000000d2a00000 NTAMS 0x00000000d2a00000 space 1024K,   0% used [0x00000000d2a00000, 0x00000000d2b00000)
AC   0  F    TS     0 PTAMS 0x00000000d2b00000 NTAMS 0x00000000d2b00000 space 1024K,   0% used [0x00000000d2b00000, 0x00000000d2c00000)
AC   0  F    TS     0 PTAMS 0x00000000d2c00000 NTAMS 0x00000000d2c00000 space 1024K,   0% used [0x00000000d2c00000, 0x00000000d2d00000)
AC   0  F    TS     0 PTAMS 0x00000000d2d00000 NTAMS 0x00000000d2d00000 space 1024K,   0% used [0x00000000d2d00000, 0x00000000d2e00000)
AC   0  F    TS     0 PTAMS 0x00000000d2e00000 NTAMS 0x00000000d2e00000 space 1024K,   0% used [0x00000000d2e00000, 0x00000000d2f00000)
AC   0  F    TS     0 PTAMS 0x00000000d2f00000 NTAMS 0x00000000d2f00000 space 1024K,   0% used [0x00000000d2f00000, 0x00000000d3000000)
AC   0  F    TS     0 PTAMS 0x00000000d3000000 NTAMS 0x00000000d3000000 space 1024K,   0% used [0x00000000d3000000, 0x00000000d3100000)
AC   0  F    TS     0 PTAMS 0x00000000d3100000 NTAMS 0x00000000d3100000 space 1024K,   0% used [0x00000000d3100000, 0x00000000d3200000)
AC   0  F    TS     0 PTAMS 0x00000000d3200000 NTAMS 0x00000000d3200000 space 1024K,   0% used [0x00000000d3200000, 0x00000000d3300000)
AC   0  F    TS     0 PTAMS 0x00000000d3300000 NTAMS 0x00000000d3300000 space 1024K,   0% used [0x00000000d3300000, 0x00000000d3400000)
AC   0  F    TS     0 PTAMS 0x00000000d3400000 NTAMS 0x00000000d3400000 space 1024K,   0% used [0x00000000d3400000, 0x00000000d3500000)
AC   0  F    TS     0 PTAMS 0x00000000d3500000 NTAMS 0x00000000d3500000 space 1024K,   0% used [0x00000000d3500000, 0x00000000d3600000)
AC   0  F    TS     0 PTAMS 0x00000000d3600000 NTAMS 0x00000000d3600000 space 1024K,   0% used [0x00000000d3600000, 0x00000000d3700000)
AC   0  F    TS     0 PTAMS 0x00000000d3700000 NTAMS 0x00000000d3700000 space 1024K,   0% used [0x00000000d3700000, 0x00000000d3800000)
AC   0  F    TS     0 PTAMS 0x00000000d3800000 NTAMS 0x00000000d3800000 space 1024K,   0% used [0x00000000d3800000, 0x00000000d3900000)
AC   0  F    TS     0 PTAMS 0x00000000d3900000 NTAMS 0x00000000d3900000 space 1024K,   0% used [0x00000000d3900000, 0x00000000d3a00000)
AC   0  F    TS     0 PTAMS 0x00000000d3a00000 NTAMS 0x00000000d3a00000 space 1024K,   0% used [0x00000000d3a00000, 0x00000000d3b00000)
AC   0  F    TS     0 PTAMS 0x00000000d3b00000 NTAMS 0x00000000d3b00000 space 1024K,   0% used [0x00000000d3b00000, 0x00000000d3c00000)
AC   0  F    TS     0 PTAMS 0x00000000d3c00000 NTAMS 0x00000000d3c00000 space 1024K,   0% used [0x00000000d3c00000, 0x00000000d3d00000)
AC   0  F    TS     0 PTAMS 0x00000000d3d00000 NTAMS 0x00000000d3d00000 space 1024K,   0% used [0x00000000d3d00000, 0x00000000d3e00000)
AC   0  F    TS     0 PTAMS 0x00000000d3e00000 NTAMS 0x00000000d3e00000 space 1024K,   0% used [0x00000000d3e00000, 0x00000000d3f00000)
AC   0  F    TS     0 PTAMS 0x00000000d3f00000 NTAMS 0x00000000d3f00000 space 1024K,   0% used [0x00000000d3f00000, 0x00000000d4000000)
AC   0  F    TS     0 PTAMS 0x00000000d4000000 NTAMS 0x00000000d4000000 space 1024K,   0% used [0x00000000d4000000, 0x00000000d4100000)
AC   0  F    TS     0 PTAMS 0x00000000d4100000 NTAMS 0x00000000d4100000 space 1024K,   0% used [0x00000000d4100000, 0x00000000d4200000)
AC   0  F    TS     0 PTAMS 0x00000000d4200000 NTAMS 0x00000000d4200000 space 1024K,   0% used [0x00000000d4200000, 0x00000000d4300000)
AC   0  F    TS     0 PTAMS 0x00000000d4300000 NTAMS 0x00000000d4300000 space 1024K,   0% used [0x00000000d4300000, 0x00000000d4400000)
AC   0  F    TS     0 PTAMS 0x00000000d4400000 NTAMS 0x00000000d4400000 space 1024K,   0% used [0x00000000d4400000, 0x00000000d4500000)
AC   0  F    TS     0 PTAMS 0x00000000d4500000 NTAMS 0x00000000d4500000 space 1024K,   0% used [0x00000000d4500000, 0x00000000d4600000)
AC   0  F    TS     0 PTAMS 0x00000000d4600000 NTAMS 0x00000000d4600000 space 1024K,   0% used [0x00000000d4600000, 0x00000000d4700000)
AC   0  F    TS     0 PTAMS 0x00000000d4700000 NTAMS 0x00000000d4700000 space 1024K,   0% used [0x00000000d4700000, 0x00000000d4800000)
AC   0  F    TS     0 PTAMS 0x00000000d4800000 NTAMS 0x00000000d4800000 space 1024K,   0% used [0x00000000d4800000, 0x00000000d4900000)
AC   0  F    TS     0 PTAMS 0x00000000d4900000 NTAMS 0x00000000d4900000 space 1024K,   0% used [0x00000000d4900000, 0x00000000d4a00000)
AC   0  F    TS     0 PTAMS 0x00000000d4a00000 NTAMS 0x00000000d4a00000 space 1024K,   0% used [0x00000000d4a00000, 0x00000000d4b00000)
AC   0  F    TS     0 PTAMS 0x00000000d4b00000 NTAMS 0x00000000d4b00000 space 1024K,   0% used [0x00000000d4b00000, 0x00000000d4c00000)
AC   0  F    TS     0 PTAMS 0x00000000d4c00000 NTAMS 0x00000000d4c00000 space 1024K,   0% used [0x00000000d4c00000, 0x00000000d4d00000)
AC   0  F    TS     0 PTAMS 0x00000000d4d00000 NTAMS 0x00000000d4d00000 space 1024K,   0% used [0x00000000d4d00000, 0x00000000d4e00000)
AC   0  F    TS     0 PTAMS 0x00000000d4e00000 NTAMS 0x00000000d4e00000 space 1024K,   0% used [0x00000000d4e00000, 0x00000000d4f00000)
AC   0  F    TS     0 PTAMS 0x00000000d4f00000 NTAMS 0x00000000d4f00000 space 1024K,   0% used [0x00000000d4f00000, 0x00000000d5000000)
AC   0  F    TS     0 PTAMS 0x00000000d5000000 NTAMS 0x00000000d5000000 space 1024K,   0% used [0x00000000d5000000, 0x00000000d5100000)
AC   0  F    TS     0 PTAMS 0x00000000d5100000 NTAMS 0x00000000d5100000 space 1024K,   0% used [0x00000000d5100000, 0x00000000d5200000)
AC   0  F    TS     0 PTAMS 0x00000000d5200000 NTAMS 0x00000000d5200000 space 1024K,   0% used [0x00000000d5200000, 0x00000000d5300000)
AC   0  F    TS     0 PTAMS 0x00000000d5300000 NTAMS 0x00000000d5300000 space 1024K,   0% used [0x00000000d5300000, 0x00000000d5400000)
AC   0  F    TS     0 PTAMS 0x00000000d5400000 NTAMS 0x00000000d5400000 space 1024K,   0% used [0x00000000d5400000, 0x00000000d5500000)
AC   0  F    TS     0 PTAMS 0x00000000d5500000 NTAMS 0x00000000d5500000 space 1024K,   0% used [0x00000000d5500000, 0x00000000d5600000)
AC   0  F    TS     0 PTAMS 0x00000000d5600000 NTAMS 0x00000000d5600000 space 1024K,   0% used [0x00000000d5600000, 0x00000000d5700000)
AC   0  F    TS     0 PTAMS 0x00000000d5700000 NTAMS 0x00000000d5700000 space 1024K,   0% used [0x00000000d5700000, 0x00000000d5800000)
AC   0  F    TS     0 PTAMS 0x00000000d5800000 NTAMS 0x00000000d5800000 space 1024K,   0% used [0x00000000d5800000, 0x00000000d5900000)
AC   0  F    TS     0 PTAMS 0x00000000d5900000 NTAMS 0x00000000d5900000 space 1024K,   0% used [0x00000000d5900000, 0x00000000d5a00000)
AC   0  F    TS     0 PTAMS 0x00000000d5a00000 NTAMS 0x00000000d5a00000 space 1024K,   0% used [0x00000000d5a00000, 0x00000000d5b00000)
AC   0  F    TS     0 PTAMS 0x00000000d5b00000 NTAMS 0x00000000d5b00000 space 1024K,   0% used [0x00000000d5b00000, 0x00000000d5c00000)
AC   0  F    TS     0 PTAMS 0x00000000d5c00000 NTAMS 0x00000000d5c00000 space 1024K,   0% used [0x00000000d5c00000, 0x00000000d5d00000)
AC   0  F    TS     0 PTAMS 0x00000000d5d00000 NTAMS 0x00000000d5d00000 space 1024K,   0% used [0x00000000d5d00000, 0x00000000d5e00000)
AC   0  F    TS     0 PTAMS 0x00000000d5e00000 NTAMS 0x00000000d5e00000 space 1024K,   0% used [0x00000000d5e00000, 0x00000000d5f00000)
AC   0  F    TS     0 PTAMS 0x00000000d5f00000 NTAMS 0x00000000d5f00000 space 1024K,   0% used [0x00000000d5f00000, 0x00000000d6000000)
AC   0  F    TS     0 PTAMS 0x00000000d6000000 NTAMS 0x00000000d6000000 space 1024K,   0% used [0x00000000d6000000, 0x00000000d6100000)
AC   0  F    TS     0 PTAMS 0x00000000d6100000 NTAMS 0x00000000d6100000 space 1024K,   0% used [0x00000000d6100000, 0x00000000d6200000)
AC   0  F    TS     0 PTAMS 0x00000000d6200000 NTAMS 0x00000000d6200000 space 1024K,   0% used [0x00000000d6200000, 0x00000000d6300000)
AC   0  F    TS     0 PTAMS 0x00000000d6300000 NTAMS 0x00000000d6300000 space 1024K,   0% used [0x00000000d6300000, 0x00000000d6400000)
AC   0  F    TS     0 PTAMS 0x00000000d6400000 NTAMS 0x00000000d6400000 space 1024K,   0% used [0x00000000d6400000, 0x00000000d6500000)
AC   0  F    TS     0 PTAMS 0x00000000d6500000 NTAMS 0x00000000d6500000 space 1024K,   0% used [0x00000000d6500000, 0x00000000d6600000)
AC   0  F    TS     0 PTAMS 0x00000000d6600000 NTAMS 0x00000000d6600000 space 1024K,   0% used [0x00000000d6600000, 0x00000000d6700000)
AC   0  F    TS     0 PTAMS 0x00000000d6700000 NTAMS 0x00000000d6700000 space 1024K,   0% used [0x00000000d6700000, 0x00000000d6800000)
AC   0  F    TS     0 PTAMS 0x00000000d6800000 NTAMS 0x00000000d6800000 space 1024K,   0% used [0x00000000d6800000, 0x00000000d6900000)
AC   0  F    TS     0 PTAMS 0x00000000d6900000 NTAMS 0x00000000d6900000 space 1024K,   0% used [0x00000000d6900000, 0x00000000d6a00000)
AC   0  F    TS     0 PTAMS 0x00000000d6a00000 NTAMS 0x00000000d6a00000 space 1024K,   0% used [0x00000000d6a00000, 0x00000000d6b00000)
AC   0  F    TS     0 PTAMS 0x00000000d6b00000 NTAMS 0x00000000d6b00000 space 1024K,   0% used [0x00000000d6b00000, 0x00000000d6c00000)
AC   0  F    TS     0 PTAMS 0x00000000d6c00000 NTAMS 0x00000000d6c00000 space 1024K,   0% used [0x00000000d6c00000, 0x00000000d6d00000)
AC   0  F    TS     0 PTAMS 0x00000000d6d00000 NTAMS 0x00000000d6d00000 space 1024K,   0% used [0x00000000d6d00000, 0x00000000d6e00000)
AC   0  F    TS     0 PTAMS 0x00000000d6e00000 NTAMS 0x00000000d6e00000 space 1024K,   0% used [0x00000000d6e00000, 0x00000000d6f00000)
AC   0  F    TS     0 PTAMS 0x00000000d6f00000 NTAMS 0x00000000d6f00000 space 1024K,   0% used [0x00000000d6f00000, 0x00000000d7000000)
AC   0  F    TS     0 PTAMS 0x00000000d7000000 NTAMS 0x00000000d7000000 space 1024K,   0% used [0x00000000d7000000, 0x00000000d7100000)
AC   0  F    TS     0 PTAMS 0x00000000d7100000 NTAMS 0x00000000d7100000 space 1024K,   0% used [0x00000000d7100000, 0x00000000d7200000)
AC   0  F    TS     0 PTAMS 0x00000000d7200000 NTAMS 0x00000000d7200000 space 1024K,   0% used [0x00000000d7200000, 0x00000000d7300000)
AC   0  F    TS     0 PTAMS 0x00000000d7300000 NTAMS 0x00000000d7300000 space 1024K,   0% used [0x00000000d7300000, 0x00000000d7400000)
AC   0  F    TS     0 PTAMS 0x00000000d7400000 NTAMS 0x00000000d7400000 space 1024K,   0% used [0x00000000d7400000, 0x00000000d7500000)
AC   0  F    TS     0 PTAMS 0x00000000d7500000 NTAMS 0x00000000d7500000 space 1024K,   0% used [0x00000000d7500000, 0x00000000d7600000)
AC   0  F    TS     0 PTAMS 0x00000000d7600000 NTAMS 0x00000000d7600000 space 1024K,   0% used [0x00000000d7600000, 0x00000000d7700000)
AC   0  F    TS     0 PTAMS 0x00000000d7700000 NTAMS 0x00000000d7700000 space 1024K,   0% used [0x00000000d7700000, 0x00000000d7800000)
AC   0  F    TS     0 PTAMS 0x00000000d7800000 NTAMS 0x00000000d7800000 space 1024K,   0% used [0x00000000d7800000, 0x00000000d7900000)
AC   0  F    TS     0 PTAMS 0x00000000d7900000 NTAMS 0x00000000d7900000 space 1024K,   0% used [0x00000000d7900000, 0x00000000d7a00000)
AC   0  F    TS     0 PTAMS 0x00000000d7a00000 NTAMS 0x00000000d7a00000 space 1024K,   0% used [0x00000000d7a00000, 0x00000000d7b00000)
AC   0  F    TS     0 PTAMS 0x00000000d7b00000 NTAMS 0x00000000d7b00000 space 1024K,   0% used [0x00000000d7b00000, 0x00000000d7c00000)
AC   0  F    TS     0 PTAMS 0x00000000d7c00000 NTAMS 0x00000000d7c00000 space 1024K,   0% used [0x00000000d7c00000, 0x00000000d7d00000)
AC   0  F    TS     0 PTAMS 0x00000000d7d00000 NTAMS 0x00000000d7d00000 space 1024K,   0% used [0x00000000d7d00000, 0x00000000d7e00000)
AC   0  F    TS     0 PTAMS 0x00000000d7e00000 NTAMS 0x00000000d7e00000 space 1024K,   0% used [0x00000000d7e00000, 0x00000000d7f00000)
AC   0  F    TS     0 PTAMS 0x00000000d7f00000 NTAMS 0x00000000d7f00000 space 1024K,   0% used [0x00000000d7f00000, 0x00000000d8000000)
AC   0  F    TS     0 PTAMS 0x00000000d8000000 NTAMS 0x00000000d8000000 space 1024K,   0% used [0x00000000d8000000, 0x00000000d8100000)
AC   0  F    TS     0 PTAMS 0x00000000d8100000 NTAMS 0x00000000d8100000 space 1024K,   0% used [0x00000000d8100000, 0x00000000d8200000)
AC   0  F    TS     0 PTAMS 0x00000000d8200000 NTAMS 0x00000000d8200000 space 1024K,   0% used [0x00000000d8200000, 0x00000000d8300000)
AC   0  F    TS     0 PTAMS 0x00000000d8300000 NTAMS 0x00000000d8300000 space 1024K,   0% used [0x00000000d8300000, 0x00000000d8400000)
AC   0  F    TS     0 PTAMS 0x00000000d8400000 NTAMS 0x00000000d8400000 space 1024K,   0% used [0x00000000d8400000, 0x00000000d8500000)
AC   0  F    TS     0 PTAMS 0x00000000d8500000 NTAMS 0x00000000d8500000 space 1024K,   0% used [0x00000000d8500000, 0x00000000d8600000)
AC   0  F    TS     0 PTAMS 0x00000000d8600000 NTAMS 0x00000000d8600000 space 1024K,   0% used [0x00000000d8600000, 0x00000000d8700000)
AC   0  F    TS     0 PTAMS 0x00000000d8700000 NTAMS 0x00000000d8700000 space 1024K,   0% used [0x00000000d8700000, 0x00000000d8800000)
AC   0  F    TS     0 PTAMS 0x00000000d8800000 NTAMS 0x00000000d8800000 space 1024K,   0% used [0x00000000d8800000, 0x00000000d8900000)
AC   0  F    TS     0 PTAMS 0x00000000d8900000 NTAMS 0x00000000d8900000 space 1024K,   0% used [0x00000000d8900000, 0x00000000d8a00000)
AC   0  F    TS     0 PTAMS 0x00000000d8a00000 NTAMS 0x00000000d8a00000 space 1024K,   0% used [0x00000000d8a00000, 0x00000000d8b00000)
AC   0  F    TS     0 PTAMS 0x00000000d8b00000 NTAMS 0x00000000d8b00000 space 1024K,   0% used [0x00000000d8b00000, 0x00000000d8c00000)
AC   0  F    TS     0 PTAMS 0x00000000d8c00000 NTAMS 0x00000000d8c00000 space 1024K,   0% used [0x00000000d8c00000, 0x00000000d8d00000)
AC   0  F    TS     0 PTAMS 0x00000000d8d00000 NTAMS 0x00000000d8d00000 space 1024K,   0% used [0x00000000d8d00000, 0x00000000d8e00000)
AC   0  F    TS     0 PTAMS 0x00000000d8e00000 NTAMS 0x00000000d8e00000 space 1024K,   0% used [0x00000000d8e00000, 0x00000000d8f00000)
AC   0  F    TS     0 PTAMS 0x00000000d8f00000 NTAMS 0x00000000d8f00000 space 1024K,   0% used [0x00000000d8f00000, 0x00000000d9000000)
AC   0  F    TS     0 PTAMS 0x00000000d9000000 NTAMS 0x00000000d9000000 space 1024K,   0% used [0x00000000d9000000, 0x00000000d9100000)
AC   0  F    TS     0 PTAMS 0x00000000d9100000 NTAMS 0x00000000d9100000 space 1024K,   0% used [0x00000000d9100000, 0x00000000d9200000)
AC   0  F    TS     0 PTAMS 0x00000000d9200000 NTAMS 0x00000000d9200000 space 1024K,   0% used [0x00000000d9200000, 0x00000000d9300000)
AC   0  F    TS     0 PTAMS 0x00000000d9300000 NTAMS 0x00000000d9300000 space 1024K,   0% used [0x00000000d9300000, 0x00000000d9400000)
AC   0  F    TS     0 PTAMS 0x00000000d9400000 NTAMS 0x00000000d9400000 space 1024K,   0% used [0x00000000d9400000, 0x00000000d9500000)
AC   0  F    TS     0 PTAMS 0x00000000d9500000 NTAMS 0x00000000d9500000 space 1024K,   0% used [0x00000000d9500000, 0x00000000d9600000)
AC   0  F    TS     0 PTAMS 0x00000000d9600000 NTAMS 0x00000000d9600000 space 1024K,   0% used [0x00000000d9600000, 0x00000000d9700000)
AC   0  F    TS     0 PTAMS 0x00000000d9700000 NTAMS 0x00000000d9700000 space 1024K,   0% used [0x00000000d9700000, 0x00000000d9800000)
AC   0  F    TS     0 PTAMS 0x00000000d9800000 NTAMS 0x00000000d9800000 space 1024K,   0% used [0x00000000d9800000, 0x00000000d9900000)
AC   0  F    TS     0 PTAMS 0x00000000d9900000 NTAMS 0x00000000d9900000 space 1024K,   0% used [0x00000000d9900000, 0x00000000d9a00000)
AC   0  F    TS     0 PTAMS 0x00000000d9a00000 NTAMS 0x00000000d9a00000 space 1024K,   0% used [0x00000000d9a00000, 0x00000000d9b00000)
AC   0  F    TS     0 PTAMS 0x00000000d9b00000 NTAMS 0x00000000d9b00000 space 1024K,   0% used [0x00000000d9b00000, 0x00000000d9c00000)
AC   0  F    TS     0 PTAMS 0x00000000d9c00000 NTAMS 0x00000000d9c00000 space 1024K,   0% used [0x00000000d9c00000, 0x00000000d9d00000)
AC   0  F    TS     0 PTAMS 0x00000000d9d00000 NTAMS 0x00000000d9d00000 space 1024K,   0% used [0x00000000d9d00000, 0x00000000d9e00000)
AC   0  F    TS     0 PTAMS 0x00000000d9e00000 NTAMS 0x00000000d9e00000 space 1024K,   0% used [0x00000000d9e00000, 0x00000000d9f00000)
AC   0  F    TS     0 PTAMS 0x00000000d9f00000 NTAMS 0x00000000d9f00000 space 1024K,   0% used [0x00000000d9f00000, 0x00000000da000000)
AC   0  F    TS     0 PTAMS 0x00000000da000000 NTAMS 0x00000000da000000 space 1024K,   0% used [0x00000000da000000, 0x00000000da100000)
AC   0  F    TS     0 PTAMS 0x00000000da100000 NTAMS 0x00000000da100000 space 1024K,   0% used [0x00000000da100000, 0x00000000da200000)
AC   0  F    TS     0 PTAMS 0x00000000da200000 NTAMS 0x00000000da200000 space 1024K,   0% used [0x00000000da200000, 0x00000000da300000)
AC   0  F    TS     0 PTAMS 0x00000000da300000 NTAMS 0x00000000da300000 space 1024K,   0% used [0x00000000da300000, 0x00000000da400000)
AC   0  F    TS     0 PTAMS 0x00000000da400000 NTAMS 0x00000000da400000 space 1024K,   0% used [0x00000000da400000, 0x00000000da500000)
AC   0  F    TS     0 PTAMS 0x00000000da500000 NTAMS 0x00000000da500000 space 1024K,   0% used [0x00000000da500000, 0x00000000da600000)
AC   0  F    TS     0 PTAMS 0x00000000da600000 NTAMS 0x00000000da600000 space 1024K,   0% used [0x00000000da600000, 0x00000000da700000)
AC   0  F    TS     0 PTAMS 0x00000000da700000 NTAMS 0x00000000da700000 space 1024K,   0% used [0x00000000da700000, 0x00000000da800000)
AC   0  F    TS     0 PTAMS 0x00000000da800000 NTAMS 0x00000000da800000 space 1024K,   0% used [0x00000000da800000, 0x00000000da900000)
AC   0  F    TS     0 PTAMS 0x00000000da900000 NTAMS 0x00000000da900000 space 1024K,   0% used [0x00000000da900000, 0x00000000daa00000)
AC   0  F    TS     0 PTAMS 0x00000000daa00000 NTAMS 0x00000000daa00000 space 1024K,   0% used [0x00000000daa00000, 0x00000000dab00000)
AC   0  F    TS     0 PTAMS 0x00000000dab00000 NTAMS 0x00000000dab00000 space 1024K,   0% used [0x00000000dab00000, 0x00000000dac00000)
AC   0  F    TS     0 PTAMS 0x00000000dac00000 NTAMS 0x00000000dac00000 space 1024K,   0% used [0x00000000dac00000, 0x00000000dad00000)
AC   0  F    TS     0 PTAMS 0x00000000dad00000 NTAMS 0x00000000dad00000 space 1024K,   0% used [0x00000000dad00000, 0x00000000dae00000)
AC   0  F    TS     0 PTAMS 0x00000000dae00000 NTAMS 0x00000000dae00000 space 1024K,   0% used [0x00000000dae00000, 0x00000000daf00000)
AC   0  F    TS     0 PTAMS 0x00000000daf00000 NTAMS 0x00000000daf00000 space 1024K,   0% used [0x00000000daf00000, 0x00000000db000000)
AC   0  F    TS     0 PTAMS 0x00000000db000000 NTAMS 0x00000000db000000 space 1024K,   0% used [0x00000000db000000, 0x00000000db100000)
AC   0  F    TS     0 PTAMS 0x00000000db100000 NTAMS 0x00000000db100000 space 1024K,   0% used [0x00000000db100000, 0x00000000db200000)
AC   0  F    TS     0 PTAMS 0x00000000db200000 NTAMS 0x00000000db200000 space 1024K,   0% used [0x00000000db200000, 0x00000000db300000)
AC   0  F    TS     0 PTAMS 0x00000000db300000 NTAMS 0x00000000db300000 space 1024K,   0% used [0x00000000db300000, 0x00000000db400000)
AC   0  F    TS     0 PTAMS 0x00000000db400000 NTAMS 0x00000000db400000 space 1024K,   0% used [0x00000000db400000, 0x00000000db500000)
AC   0  F    TS     0 PTAMS 0x00000000db500000 NTAMS 0x00000000db500000 space 1024K,   0% used [0x00000000db500000, 0x00000000db600000)
AC   0  F    TS     0 PTAMS 0x00000000db600000 NTAMS 0x00000000db600000 space 1024K,   0% used [0x00000000db600000, 0x00000000db700000)
AC   0  F    TS     0 PTAMS 0x00000000db700000 NTAMS 0x00000000db700000 space 1024K,   0% used [0x00000000db700000, 0x00000000db800000)
AC   0  F    TS     0 PTAMS 0x00000000db800000 NTAMS 0x00000000db800000 space 1024K,   0% used [0x00000000db800000, 0x00000000db900000)
AC   0  F    TS     0 PTAMS 0x00000000db900000 NTAMS 0x00000000db900000 space 1024K,   0% used [0x00000000db900000, 0x00000000dba00000)
AC   0  F    TS     0 PTAMS 0x00000000dba00000 NTAMS 0x00000000dba00000 space 1024K,   0% used [0x00000000dba00000, 0x00000000dbb00000)
AC   0  F    TS     0 PTAMS 0x00000000dbb00000 NTAMS 0x00000000dbb00000 space 1024K,   0% used [0x00000000dbb00000, 0x00000000dbc00000)
AC   0  F    TS     0 PTAMS 0x00000000dbc00000 NTAMS 0x00000000dbc00000 space 1024K,   0% used [0x00000000dbc00000, 0x00000000dbd00000)
AC   0  F    TS     0 PTAMS 0x00000000dbd00000 NTAMS 0x00000000dbd00000 space 1024K,   0% used [0x00000000dbd00000, 0x00000000dbe00000)
AC   0  F    TS     0 PTAMS 0x00000000dbe00000 NTAMS 0x00000000dbe00000 space 1024K,   0% used [0x00000000dbe00000, 0x00000000dbf00000)
AC   0  F    TS     0 PTAMS 0x00000000dbf00000 NTAMS 0x00000000dbf00000 space 1024K,   0% used [0x00000000dbf00000, 0x00000000dc000000)
AC   0  F    TS     0 PTAMS 0x00000000dc000000 NTAMS 0x00000000dc000000 space 1024K,   0% used [0x00000000dc000000, 0x00000000dc100000)
AC   0  F    TS     0 PTAMS 0x00000000dc100000 NTAMS 0x00000000dc100000 space 1024K,   0% used [0x00000000dc100000, 0x00000000dc200000)
AC   0  F    TS     0 PTAMS 0x00000000dc200000 NTAMS 0x00000000dc200000 space 1024K,   0% used [0x00000000dc200000, 0x00000000dc300000)
AC   0  F    TS     0 PTAMS 0x00000000dc300000 NTAMS 0x00000000dc300000 space 1024K,   0% used [0x00000000dc300000, 0x00000000dc400000)
AC   0  F    TS     0 PTAMS 0x00000000dc400000 NTAMS 0x00000000dc400000 space 1024K,   0% used [0x00000000dc400000, 0x00000000dc500000)
AC   0  F    TS     0 PTAMS 0x00000000dc500000 NTAMS 0x00000000dc500000 space 1024K,   0% used [0x00000000dc500000, 0x00000000dc600000)
AC   0  F    TS     0 PTAMS 0x00000000dc600000 NTAMS 0x00000000dc600000 space 1024K,   0% used [0x00000000dc600000, 0x00000000dc700000)
AC   0  F    TS     0 PTAMS 0x00000000dc700000 NTAMS 0x00000000dc700000 space 1024K,   0% used [0x00000000dc700000, 0x00000000dc800000)
AC   0  F    TS     0 PTAMS 0x00000000dc800000 NTAMS 0x00000000dc800000 space 1024K,   0% used [0x00000000dc800000, 0x00000000dc900000)
AC   0  F    TS     0 PTAMS 0x00000000dc900000 NTAMS 0x00000000dc900000 space 1024K,   0% used [0x00000000dc900000, 0x00000000dca00000)
AC   0  F    TS     0 PTAMS 0x00000000dca00000 NTAMS 0x00000000dca00000 space 1024K,   0% used [0x00000000dca00000, 0x00000000dcb00000)
AC   0  F    TS     0 PTAMS 0x00000000dcb00000 NTAMS 0x00000000dcb00000 space 1024K,   0% used [0x00000000dcb00000, 0x00000000dcc00000)
AC   0  F    TS     0 PTAMS 0x00000000dcc00000 NTAMS 0x00000000dcc00000 space 1024K,   0% used [0x00000000dcc00000, 0x00000000dcd00000)
AC   0  F    TS     0 PTAMS 0x00000000dcd00000 NTAMS 0x00000000dcd00000 space 1024K,   0% used [0x00000000dcd00000, 0x00000000dce00000)
AC   0  F    TS     0 PTAMS 0x00000000dce00000 NTAMS 0x00000000dce00000 space 1024K,   0% used [0x00000000dce00000, 0x00000000dcf00000)
AC   0  F    TS     0 PTAMS 0x00000000dcf00000 NTAMS 0x00000000dcf00000 space 1024K,   0% used [0x00000000dcf00000, 0x00000000dd000000)
AC   0  F    TS     0 PTAMS 0x00000000dd000000 NTAMS 0x00000000dd000000 space 1024K,   0% used [0x00000000dd000000, 0x00000000dd100000)
AC   0  F    TS     0 PTAMS 0x00000000dd100000 NTAMS 0x00000000dd100000 space 1024K,   0% used [0x00000000dd100000, 0x00000000dd200000)
AC   0  F    TS     0 PTAMS 0x00000000dd200000 NTAMS 0x00000000dd200000 space 1024K,   0% used [0x00000000dd200000, 0x00000000dd300000)
AC   0  F    TS     0 PTAMS 0x00000000dd300000 NTAMS 0x00000000dd300000 space 1024K,   0% used [0x00000000dd300000, 0x00000000dd400000)
AC   0  F    TS     0 PTAMS 0x00000000dd400000 NTAMS 0x00000000dd400000 space 1024K,   0% used [0x00000000dd400000, 0x00000000dd500000)
AC   0  F    TS     0 PTAMS 0x00000000dd500000 NTAMS 0x00000000dd500000 space 1024K,   0% used [0x00000000dd500000, 0x00000000dd600000)
AC   0  F    TS     0 PTAMS 0x00000000dd600000 NTAMS 0x00000000dd600000 space 1024K,   0% used [0x00000000dd600000, 0x00000000dd700000)
AC   0  F    TS     0 PTAMS 0x00000000dd700000 NTAMS 0x00000000dd700000 space 1024K,   0% used [0x00000000dd700000, 0x00000000dd800000)
AC   0  F    TS     0 PTAMS 0x00000000dd800000 NTAMS 0x00000000dd800000 space 1024K,   0% used [0x00000000dd800000, 0x00000000dd900000)
AC   0  F    TS     0 PTAMS 0x00000000dd900000 NTAMS 0x00000000dd900000 space 1024K,   0% used [0x00000000dd900000, 0x00000000dda00000)
AC   0  F    TS     0 PTAMS 0x00000000dda00000 NTAMS 0x00000000dda00000 space 1024K,   0% used [0x00000000dda00000, 0x00000000ddb00000)
AC   0  F    TS     0 PTAMS 0x00000000ddb00000 NTAMS 0x00000000ddb00000 space 1024K,   0% used [0x00000000ddb00000, 0x00000000ddc00000)
AC   0  F    TS     0 PTAMS 0x00000000ddc00000 NTAMS 0x00000000ddc00000 space 1024K,   0% used [0x00000000ddc00000, 0x00000000ddd00000)
AC   0  F    TS     0 PTAMS 0x00000000ddd00000 NTAMS 0x00000000ddd00000 space 1024K,   0% used [0x00000000ddd00000, 0x00000000dde00000)
AC   0  F    TS     0 PTAMS 0x00000000dde00000 NTAMS 0x00000000dde00000 space 1024K,   0% used [0x00000000dde00000, 0x00000000ddf00000)
AC   0  F    TS     0 PTAMS 0x00000000ddf00000 NTAMS 0x00000000ddf00000 space 1024K,   0% used [0x00000000ddf00000, 0x00000000de000000)
AC   0  F    TS     0 PTAMS 0x00000000de000000 NTAMS 0x00000000de000000 space 1024K,   0% used [0x00000000de000000, 0x00000000de100000)
AC   0  F    TS     0 PTAMS 0x00000000de100000 NTAMS 0x00000000de100000 space 1024K,   0% used [0x00000000de100000, 0x00000000de200000)
AC   0  S CS TS     1 PTAMS 0x00000000de200000 NTAMS 0x00000000de200000 space 1024K, 100% used [0x00000000de200000, 0x00000000de300000)
AC   0  S CS TS     1 PTAMS 0x00000000de300000 NTAMS 0x00000000de300000 space 1024K, 100% used [0x00000000de300000, 0x00000000de400000)
AC   0  S CS TS     1 PTAMS 0x00000000de400000 NTAMS 0x00000000de400000 space 1024K, 100% used [0x00000000de400000, 0x00000000de500000)
AC   0  S CS TS     1 PTAMS 0x00000000de500000 NTAMS 0x00000000de500000 space 1024K, 100% used [0x00000000de500000, 0x00000000de600000)
AC   0  S CS TS     1 PTAMS 0x00000000de600000 NTAMS 0x00000000de600000 space 1024K, 100% used [0x00000000de600000, 0x00000000de700000)
AC   0  F    TS     0 PTAMS 0x00000000de700000 NTAMS 0x00000000de700000 space 1024K,   0% used [0x00000000de700000, 0x00000000de800000)
AC   0  F    TS     0 PTAMS 0x00000000de800000 NTAMS 0x00000000de800000 space 1024K,   0% used [0x00000000de800000, 0x00000000de900000)
AC   0  F    TS     0 PTAMS 0x00000000de900000 NTAMS 0x00000000de900000 space 1024K,   0% used [0x00000000de900000, 0x00000000dea00000)
AC   0  F    TS     0 PTAMS 0x00000000dea00000 NTAMS 0x00000000dea00000 space 1024K,   0% used [0x00000000dea00000, 0x00000000deb00000)
AC   0  F    TS     0 PTAMS 0x00000000deb00000 NTAMS 0x00000000deb00000 space 1024K,   0% used [0x00000000deb00000, 0x00000000dec00000)
AC   0  F    TS     0 PTAMS 0x00000000dec00000 NTAMS 0x00000000dec00000 space 1024K,   0% used [0x00000000dec00000, 0x00000000ded00000)
AC   0  F    TS     0 PTAMS 0x00000000ded00000 NTAMS 0x00000000ded00000 space 1024K,   0% used [0x00000000ded00000, 0x00000000dee00000)
AC   0  F    TS     0 PTAMS 0x00000000dee00000 NTAMS 0x00000000dee00000 space 1024K,   0% used [0x00000000dee00000, 0x00000000def00000)
AC   0  F    TS     0 PTAMS 0x00000000def00000 NTAMS 0x00000000def00000 space 1024K,   0% used [0x00000000def00000, 0x00000000df000000)
AC   0  F    TS     0 PTAMS 0x00000000df000000 NTAMS 0x00000000df000000 space 1024K,   0% used [0x00000000df000000, 0x00000000df100000)
AC   0  F    TS     0 PTAMS 0x00000000df100000 NTAMS 0x00000000df100000 space 1024K,   0% used [0x00000000df100000, 0x00000000df200000)
AC   0  F    TS     0 PTAMS 0x00000000df200000 NTAMS 0x00000000df200000 space 1024K,   0% used [0x00000000df200000, 0x00000000df300000)
AC   0  F    TS     0 PTAMS 0x00000000df300000 NTAMS 0x00000000df300000 space 1024K,   0% used [0x00000000df300000, 0x00000000df400000)
AC   0  F    TS     0 PTAMS 0x00000000df400000 NTAMS 0x00000000df400000 space 1024K,   0% used [0x00000000df400000, 0x00000000df500000)
AC   0  F    TS     0 PTAMS 0x00000000df500000 NTAMS 0x00000000df500000 space 1024K,   0% used [0x00000000df500000, 0x00000000df600000)
AC   0  F    TS     0 PTAMS 0x00000000df600000 NTAMS 0x00000000df600000 space 1024K,   0% used [0x00000000df600000, 0x00000000df700000)
AC   0  F    TS     0 PTAMS 0x00000000df700000 NTAMS 0x00000000df700000 space 1024K,   0% used [0x00000000df700000, 0x00000000df800000)
AC   0  F    TS     0 PTAMS 0x00000000df800000 NTAMS 0x00000000df800000 space 1024K,   0% used [0x00000000df800000, 0x00000000df900000)
AC   0  F    TS     0 PTAMS 0x00000000df900000 NTAMS 0x00000000df900000 space 1024K,   0% used [0x00000000df900000, 0x00000000dfa00000)
AC   0  F    TS     0 PTAMS 0x00000000dfa00000 NTAMS 0x00000000dfa00000 space 1024K,   0% used [0x00000000dfa00000, 0x00000000dfb00000)
AC   0  F    TS     0 PTAMS 0x00000000dfb00000 NTAMS 0x00000000dfb00000 space 1024K,   0% used [0x00000000dfb00000, 0x00000000dfc00000)
AC   0  F    TS     0 PTAMS 0x00000000dfc00000 NTAMS 0x00000000dfc00000 space 1024K,   0% used [0x00000000dfc00000, 0x00000000dfd00000)
AC   0  F    TS     0 PTAMS 0x00000000dfd00000 NTAMS 0x00000000dfd00000 space 1024K,   0% used [0x00000000dfd00000, 0x00000000dfe00000)
AC   0  F    TS     0 PTAMS 0x00000000dfe00000 NTAMS 0x00000000dfe00000 space 1024K,   0% used [0x00000000dfe00000, 0x00000000dff00000)
AC   0  F    TS     0 PTAMS 0x00000000dff00000 NTAMS 0x00000000dff00000 space 1024K,   0% used [0x00000000dff00000, 0x00000000e0000000)
AC   0  F    TS     0 PTAMS 0x00000000e0000000 NTAMS 0x00000000e0000000 space 1024K,   0% used [0x00000000e0000000, 0x00000000e0100000)
AC   0  F    TS     0 PTAMS 0x00000000e0100000 NTAMS 0x00000000e0100000 space 1024K,   0% used [0x00000000e0100000, 0x00000000e0200000)
AC   0  F    TS     0 PTAMS 0x00000000e0200000 NTAMS 0x00000000e0200000 space 1024K,   0% used [0x00000000e0200000, 0x00000000e0300000)
AC   0  F    TS     0 PTAMS 0x00000000e0300000 NTAMS 0x00000000e0300000 space 1024K,   0% used [0x00000000e0300000, 0x00000000e0400000)

Card table byte_map: [0x00000152dfad0000,0x00000152dfcd0000] byte_map_base: 0x00000152df4d0000

Marking Bits (Prev, Next): (CMBitMap*) 0x00000152ce8b62e0, (CMBitMap*) 0x00000152ce8b6288
 Prev Bits: [0x00000152e0ed0000, 0x00000152e1ed0000)
 Next Bits: [0x00000152dfed0000, 0x00000152e0ed0000)

Polling page: 0x00000152ce7d0000

CodeCache: size=245760Kb used=26552Kb max_used=26616Kb free=219207Kb
 bounds [0x00000152d00f0000, 0x00000152d1b40000, 0x00000152df0f0000]
 total_blobs=7639 nmethods=7047 adapters=504
 compilation: enabled

Compilation events (10 events):
Event: 1074.498 Thread 0x00000152e4b93800 nmethod 8250 0x00000152d0d98c90 code [0x00000152d0d98de0, 0x00000152d0d98ed8]
Event: 1074.498 Thread 0x00000152e4b93800 8276       4       org.eclipse.jdt.internal.core.search.indexing.AbstractIndexer::addFieldDeclaration (17 bytes)
Event: 1074.526 Thread 0x00000152e4b93800 nmethod 8276 0x00000152d1783cd0 code [0x00000152d1783e80, 0x00000152d1784990]
Event: 1074.526 Thread 0x00000152e4b93800 8266       4       org.eclipse.jdt.internal.core.search.matching.ConstructorPattern::createIndexKey (43 bytes)
Event: 1074.539 Thread 0x00000152e4b93800 nmethod 8266 0x00000152d1ac9850 code [0x00000152d1ac99c0, 0x00000152d1ac9f78]
Event: 1074.539 Thread 0x00000152e4b93800 7844       4       org.eclipse.jdt.internal.core.JavaModelCache::putInfo (248 bytes)
Event: 1074.587 Thread 0x00000152e4b94800 8299       3       org.eclipse.jdt.internal.core.index.DiskIndex$IntList::add (67 bytes)
Event: 1074.588 Thread 0x00000152e4b94800 nmethod 8299 0x00000152d075dad0 code [0x00000152d075dc40, 0x00000152d075e010]
Event: 1074.813 Thread 0x00000152e4b93800 nmethod 7844 0x00000152d179a810 code [0x00000152d179ac00, 0x00000152d17a05b8]
Event: 1074.813 Thread 0x00000152e4b93800 8301       4       org.eclipse.jdt.internal.compiler.util.HashtableOfObject::put (113 bytes)

GC Heap History (10 events):
Event: 1067.201 GC heap after
Heap after GC invocations=72 (full 0):
 garbage-first heap   total 397312K, used 164386K [0x00000000c0000000, 0x00000000c0100c20, 0x0000000100000000)
  region size 1024K, 3 young (3072K), 3 survivors (3072K)
 Metaspace       used 52696K, capacity 55920K, committed 56192K, reserved 1099776K
  class space    used 5287K, capacity 6206K, committed 6272K, reserved 1048576K
}
Event: 1067.672 GC heap before
{Heap before GC invocations=72 (full 0):
 garbage-first heap   total 397312K, used 185890K [0x00000000c0000000, 0x00000000c0100c20, 0x0000000100000000)
  region size 1024K, 24 young (24576K), 3 survivors (3072K)
 Metaspace       used 52696K, capacity 55920K, committed 56192K, reserved 1099776K
  class space    used 5287K, capacity 6206K, committed 6272K, reserved 1048576K
Event: 1067.755 GC heap after
Heap after GC invocations=73 (full 0):
 garbage-first heap   total 397312K, used 168482K [0x00000000c0000000, 0x00000000c0100c20, 0x0000000100000000)
  region size 1024K, 3 young (3072K), 3 survivors (3072K)
 Metaspace       used 52696K, capacity 55920K, committed 56192K, reserved 1099776K
  class space    used 5287K, capacity 6206K, committed 6272K, reserved 1048576K
}
Event: 1068.654 GC heap before
{Heap before GC invocations=73 (full 0):
 garbage-first heap   total 397312K, used 291362K [0x00000000c0000000, 0x00000000c0100c20, 0x0000000100000000)
  region size 1024K, 123 young (125952K), 3 survivors (3072K)
 Metaspace       used 52697K, capacity 55920K, committed 56192K, reserved 1099776K
  class space    used 5287K, capacity 6206K, committed 6272K, reserved 1048576K
Event: 1068.758 GC heap after
Heap after GC invocations=74 (full 0):
 garbage-first heap   total 397312K, used 181794K [0x00000000c0000000, 0x00000000c0100c20, 0x0000000100000000)
  region size 1024K, 16 young (16384K), 16 survivors (16384K)
 Metaspace       used 52697K, capacity 55920K, committed 56192K, reserved 1099776K
  class space    used 5287K, capacity 6206K, committed 6272K, reserved 1048576K
}
Event: 1070.021 GC heap before
{Heap before GC invocations=74 (full 0):
 garbage-first heap   total 397312K, used 262050K [0x00000000c0000000, 0x00000000c0100c20, 0x0000000100000000)
  region size 1024K, 91 young (93184K), 16 survivors (16384K)
 Metaspace       used 52697K, capacity 55920K, committed 56192K, reserved 1099776K
  class space    used 5287K, capacity 6206K, committed 6272K, reserved 1048576K
Event: 1070.225 GC heap after
Heap after GC invocations=75 (full 0):
 garbage-first heap   total 397312K, used 192418K [0x00000000c0000000, 0x00000000c0100c20, 0x0000000100000000)
  region size 1024K, 3 young (3072K), 3 survivors (3072K)
 Metaspace       used 52697K, capacity 55920K, committed 56192K, reserved 1099776K
  class space    used 5287K, capacity 6206K, committed 6272K, reserved 1048576K
}
Event: 1070.605 GC heap before
{Heap before GC invocations=75 (full 0):
 garbage-first heap   total 397312K, used 222114K [0x00000000c0000000, 0x00000000c0100c20, 0x0000000100000000)
  region size 1024K, 32 young (32768K), 3 survivors (3072K)
 Metaspace       used 52697K, capacity 55920K, committed 56192K, reserved 1099776K
  class space    used 5287K, capacity 6206K, committed 6272K, reserved 1048576K
Event: 1070.733 GC heap after
Heap after GC invocations=76 (full 0):
 garbage-first heap   total 528384K, used 197538K [0x00000000c0000000, 0x00000000c0101020, 0x0000000100000000)
  region size 1024K, 4 young (4096K), 4 survivors (4096K)
 Metaspace       used 52697K, capacity 55920K, committed 56192K, reserved 1099776K
  class space    used 5287K, capacity 6206K, committed 6272K, reserved 1048576K
}
Event: 1074.821 GC heap before
{Heap before GC invocations=77 (full 0):
 garbage-first heap   total 528384K, used 202624K [0x00000000c0000000, 0x00000000c0101020, 0x0000000100000000)
  region size 1024K, 33 young (33792K), 4 survivors (4096K)
 Metaspace       used 52658K, capacity 55850K, committed 56192K, reserved 1099776K
  class space    used 5279K, capacity 6191K, committed 6272K, reserved 1048576K

Deoptimization events (10 events):
Event: 1052.839 Thread 0x00000152e8043800 Uncommon trap: reason=unstable_if action=reinterpret pc=0x00000152d188912c method=org.eclipse.jdt.core.compiler.CharOperation.match([CII[CIIZ)Z @ 74
Event: 1054.940 Thread 0x00000152e8043800 Uncommon trap: reason=unstable_if action=reinterpret pc=0x00000152d0a73784 method=java.util.HashMap.putVal(ILjava/lang/Object;Ljava/lang/Object;ZZ)Ljava/lang/Object; @ 162
Event: 1054.941 Thread 0x00000152e8043800 Uncommon trap: reason=unstable_if action=reinterpret pc=0x00000152d0c4758c method=java.util.HashMap.getNode(ILjava/lang/Object;)Ljava/util/HashMap$Node; @ 84
Event: 1056.828 Thread 0x00000152e8043800 Uncommon trap: reason=unstable_if action=reinterpret pc=0x00000152d1913730 method=org.eclipse.jdt.internal.compiler.classfmt.FieldInfo.readModifierRelatedAttributes()V @ 122
Event: 1056.863 Thread 0x00000152e8043800 Uncommon trap: reason=unstable_if action=reinterpret pc=0x00000152d1950ff4 method=org.eclipse.jdt.internal.compiler.classfmt.MethodInfo.readModifierRelatedAttributes()V @ 136
Event: 1063.637 Thread 0x00000152e5d3f800 Uncommon trap: reason=unstable_if action=reinterpret pc=0x00000152d1a02e64 method=org.eclipse.jdt.internal.compiler.classfmt.MethodInfo.decodeLocalVariableAttribute(II)V @ 14
Event: 1064.822 Thread 0x00000152e5d3f800 Uncommon trap: reason=unstable_if action=reinterpret pc=0x00000152d19bea4c method=org.eclipse.jdt.internal.compiler.classfmt.MethodInfo.createMethod([B[IIJ)Lorg/eclipse/jdt/internal/compiler/classfmt/MethodInfo; @ 357
Event: 1068.934 Thread 0x00000152e5d3f800 Uncommon trap: reason=null_check action=make_not_entrant pc=0x00000152d1afc38c method=org.eclipse.jdt.internal.core.search.indexing.BinaryIndexer.indexDocument()V @ 521
Event: 1072.168 Thread 0x00000152e5d3f800 Uncommon trap: reason=unstable_if action=reinterpret pc=0x00000152d1a97aac method=org.eclipse.jdt.internal.compiler.classfmt.ClassFileReader.<init>([B[CZ)V @ 509
Event: 1072.171 Thread 0x00000152e5d3f800 Uncommon trap: reason=unstable_if action=reinterpret pc=0x00000152d0a6e7b8 method=org.eclipse.jdt.internal.core.search.indexing.BinaryIndexer.replace(CC[C)[C @ 1

Classes redefined (0 events):
No events

Internal exceptions (10 events):
Event: 1051.227 Thread 0x00000152e8043800 Exception <a 'java/lang/ArrayIndexOutOfBoundsException': 111> (0x00000000d0472578) thrown at [C:\cygwin64\tmp\openjdk-jdk8u-windows-x64-hotspot\workspace\build\src\hotspot\src\share\vm\interpreter\interpreterRuntime.cpp, line 368]
Event: 1052.515 Thread 0x00000152e8043800 Exception <a 'java/lang/ArrayIndexOutOfBoundsException': 111> (0x00000000cec06358) thrown at [C:\cygwin64\tmp\openjdk-jdk8u-windows-x64-hotspot\workspace\build\src\hotspot\src\share\vm\interpreter\interpreterRuntime.cpp, line 368]
Event: 1055.019 Thread 0x00000152e8046000 Exception <a 'java/lang/ArrayIndexOutOfBoundsException': 114> (0x00000000cd1f3550) thrown at [C:\cygwin64\tmp\openjdk-jdk8u-windows-x64-hotspot\workspace\build\src\hotspot\src\share\vm\interpreter\interpreterRuntime.cpp, line 368]
Event: 1055.048 Thread 0x00000152e8044800 Exception <a 'java/lang/ArrayIndexOutOfBoundsException'> (0x00000000cd018cb8) thrown at [C:\cygwin64\tmp\openjdk-jdk8u-windows-x64-hotspot\workspace\build\src\hotspot\src\share\vm\runtime\sharedRuntime.cpp, line 605]
Event: 1057.986 Thread 0x00000152e8043000 Exception <a 'java/lang/ArrayIndexOutOfBoundsException'> (0x00000000d6d3d9e8) thrown at [C:\cygwin64\tmp\openjdk-jdk8u-windows-x64-hotspot\workspace\build\src\hotspot\src\share\vm\runtime\sharedRuntime.cpp, line 605]
Event: 1057.987 Thread 0x00000152e8043000 Exception <a 'java/lang/ArrayIndexOutOfBoundsException'> (0x00000000d6d3dc20) thrown at [C:\cygwin64\tmp\openjdk-jdk8u-windows-x64-hotspot\workspace\build\src\hotspot\src\share\vm\runtime\sharedRuntime.cpp, line 605]
Event: 1058.011 Thread 0x00000152e804c800 Exception <a 'java/lang/ArrayIndexOutOfBoundsException'> (0x00000000d6db8930) thrown at [C:\cygwin64\tmp\openjdk-jdk8u-windows-x64-hotspot\workspace\build\src\hotspot\src\share\vm\runtime\sharedRuntime.cpp, line 605]
Event: 1058.011 Thread 0x00000152e804c800 Exception <a 'java/lang/ArrayIndexOutOfBoundsException'> (0x00000000d6db8b68) thrown at [C:\cygwin64\tmp\openjdk-jdk8u-windows-x64-hotspot\workspace\build\src\hotspot\src\share\vm\runtime\sharedRuntime.cpp, line 605]
Event: 1068.933 Thread 0x00000152e5d3f800 Implicit null exception at 0x00000152d1af27e7 to 0x00000152d1afc36d
Event: 1072.171 Thread 0x00000152e5d3f800 Implicit null exception at 0x00000152d0a6e6ac to 0x00000152d0a6e7a1

Events (10 events):
Event: 1074.793 Thread 0x00000152e5d3f800 DEOPT UNPACKING pc=0x00000152d01371d8 sp=0x00000020571fe938 mode 0
Event: 1074.804 Thread 0x00000152e5d3f800 DEOPT PACKING pc=0x00000152d0c3b8e1 sp=0x00000020571febe0
Event: 1074.804 Thread 0x00000152e5d3f800 DEOPT UNPACKING pc=0x00000152d01371d8 sp=0x00000020571fe938 mode 0
Event: 1074.807 Thread 0x00000152e5d3f800 DEOPT PACKING pc=0x00000152d0c3b8e1 sp=0x00000020571febe0
Event: 1074.807 Thread 0x00000152e5d3f800 DEOPT UNPACKING pc=0x00000152d01371d8 sp=0x00000020571fe938 mode 0
Event: 1074.816 Thread 0x00000152e5d3f800 DEOPT PACKING pc=0x00000152d0c3b8e1 sp=0x00000020571febe0
Event: 1074.816 Thread 0x00000152e5d3f800 DEOPT UNPACKING pc=0x00000152d01371d8 sp=0x00000020571fe938 mode 0
Event: 1074.818 Thread 0x00000152e5d3f800 DEOPT PACKING pc=0x00000152d0c3b8e1 sp=0x00000020571febe0
Event: 1074.818 Thread 0x00000152e5d3f800 DEOPT UNPACKING pc=0x00000152d01371d8 sp=0x00000020571fe938 mode 0
Event: 1074.820 Executing VM operation: G1IncCollectionPause


Dynamic libraries:
0x00007ff6916e0000 - 0x00007ff69171a000 	C:\Users\Ada Lovelace\AppData\Local\Programs\AdoptOpenJDK\bin\java.exe
0x00007fffd0610000 - 0x00007fffd07eb000 	C:\WINDOWS\SYSTEM32\ntdll.dll
0x00007fffcee40000 - 0x00007fffceeee000 	C:\WINDOWS\System32\KERNEL32.DLL
0x00007fffccd80000 - 0x00007fffccfca000 	C:\WINDOWS\System32\KERNELBASE.dll
0x00007fffcea90000 - 0x00007fffceb31000 	C:\WINDOWS\System32\ADVAPI32.dll
0x00007fffce8c0000 - 0x00007fffce95d000 	C:\WINDOWS\System32\msvcrt.dll
0x00007fffcf160000 - 0x00007fffcf1b9000 	C:\WINDOWS\System32\sechost.dll
0x00007fffce3c0000 - 0x00007fffce4e5000 	C:\WINDOWS\System32\RPCRT4.dll
0x00007fffce4f0000 - 0x00007fffce63a000 	C:\WINDOWS\System32\USER32.dll
0x00007fffcd9c0000 - 0x00007fffcd9de000 	C:\WINDOWS\System32\win32u.dll
0x00007fffcdbd0000 - 0x00007fffcdbf7000 	C:\WINDOWS\System32\GDI32.dll
0x00007fffcd9e0000 - 0x00007fffcdb68000 	C:\WINDOWS\System32\gdi32full.dll
0x00007fffccce0000 - 0x00007fffccd7a000 	C:\WINDOWS\System32\msvcp_win.dll
0x00007fffccbe0000 - 0x00007fffcccd6000 	C:\WINDOWS\System32\ucrtbase.dll
0x00007fffc0300000 - 0x00007fffc0567000 	C:\WINDOWS\WinSxS\amd64_microsoft.windows.common-controls_6595b64144ccf1df_6.0.15063.1155_none_40c7922129a7722b\COMCTL32.dll
0x00007fffceb40000 - 0x00007fffcee39000 	C:\WINDOWS\System32\combase.dll
0x00007fffcd020000 - 0x00007fffcd08a000 	C:\WINDOWS\System32\bcryptPrimitives.dll
0x00007fffce330000 - 0x00007fffce35d000 	C:\WINDOWS\System32\IMM32.DLL
0x00007fffb28f0000 - 0x00007fffb29df000 	C:\Users\Ada Lovelace\AppData\Local\Programs\AdoptOpenJDK\jre\bin\msvcr120.dll
0x00007fffa8f40000 - 0x00007fffa8fe6000 	C:\Users\Ada Lovelace\AppData\Local\Programs\AdoptOpenJDK\jre\bin\msvcp120.dll
0x00000000714d0000 - 0x0000000071cce000 	C:\Users\Ada Lovelace\AppData\Local\Programs\AdoptOpenJDK\jre\bin\server\jvm.dll
0x00007fffcf1c0000 - 0x00007fffcf1c8000 	C:\WINDOWS\System32\PSAPI.DLL
0x00007fffbc6a0000 - 0x00007fffbc6a9000 	C:\WINDOWS\SYSTEM32\WSOCK32.dll
0x00007fffce960000 - 0x00007fffce9cc000 	C:\WINDOWS\System32\WS2_32.dll
0x00007fffcb100000 - 0x00007fffcb123000 	C:\WINDOWS\SYSTEM32\WINMM.dll
0x00007fffbc910000 - 0x00007fffbc91a000 	C:\WINDOWS\SYSTEM32\VERSION.dll
0x00007fffcb0d0000 - 0x00007fffcb0fb000 	C:\WINDOWS\SYSTEM32\WINMMBASE.dll
0x00007fffccfd0000 - 0x00007fffcd019000 	C:\WINDOWS\System32\cfgmgr32.dll
0x00007fffc82f0000 - 0x00007fffc82ff000 	C:\Users\Ada Lovelace\AppData\Local\Programs\AdoptOpenJDK\jre\bin\verify.dll
0x00007fffbfa40000 - 0x00007fffbfa68000 	C:\Users\Ada Lovelace\AppData\Local\Programs\AdoptOpenJDK\jre\bin\java.dll
0x00007fffbfa20000 - 0x00007fffbfa36000 	C:\Users\Ada Lovelace\AppData\Local\Programs\AdoptOpenJDK\jre\bin\zip.dll
0x00007fffcf1d0000 - 0x00007fffd0608000 	C:\WINDOWS\System32\SHELL32.dll
0x00007fffce260000 - 0x00007fffce30a000 	C:\WINDOWS\System32\shcore.dll
0x00007fffcd2c0000 - 0x00007fffcd9b1000 	C:\WINDOWS\System32\windows.storage.dll
0x00007fffcf100000 - 0x00007fffcf151000 	C:\WINDOWS\System32\shlwapi.dll
0x00007fffccac0000 - 0x00007fffccad1000 	C:\WINDOWS\System32\kernel.appcore.dll
0x00007fffccae0000 - 0x00007fffccb2c000 	C:\WINDOWS\System32\powrprof.dll
0x00007fffccaa0000 - 0x00007fffccab5000 	C:\WINDOWS\System32\profapi.dll
0x00007fffcc4e0000 - 0x00007fffcc4f7000 	C:\WINDOWS\SYSTEM32\CRYPTSP.dll
0x00007fffcbf40000 - 0x00007fffcbf74000 	C:\WINDOWS\system32\rsaenh.dll
0x00007fffcc950000 - 0x00007fffcc975000 	C:\WINDOWS\SYSTEM32\bcrypt.dll
0x00007fffcc9b0000 - 0x00007fffcc9d9000 	C:\WINDOWS\SYSTEM32\USERENV.dll
0x00007fffcc4d0000 - 0x00007fffcc4db000 	C:\WINDOWS\SYSTEM32\CRYPTBASE.dll
0x00007fffbef50000 - 0x00007fffbef6a000 	C:\Users\Ada Lovelace\AppData\Local\Programs\AdoptOpenJDK\jre\bin\net.dll
0x00007fffc16e0000 - 0x00007fffc18a8000 	C:\WINDOWS\SYSTEM32\urlmon.dll
0x00007fffc2040000 - 0x00007fffc22d5000 	C:\WINDOWS\SYSTEM32\iertutil.dll
0x00007fffcc330000 - 0x00007fffcc38c000 	C:\WINDOWS\system32\mswsock.dll
0x00007fffcc0d0000 - 0x00007fffcc107000 	C:\WINDOWS\SYSTEM32\IPHLPAPI.DLL
0x00007fffcea80000 - 0x00007fffcea88000 	C:\WINDOWS\System32\NSI.dll
0x00007fffc0f30000 - 0x00007fffc0f46000 	C:\WINDOWS\SYSTEM32\dhcpcsvc6.DLL
0x00007fffc1b80000 - 0x00007fffc1b9a000 	C:\WINDOWS\SYSTEM32\dhcpcsvc.DLL
0x00007fffbec00000 - 0x00007fffbec12000 	C:\Users\Ada Lovelace\AppData\Local\Programs\AdoptOpenJDK\jre\bin\nio.dll
0x00007fffbe770000 - 0x00007fffbe799000 	C:\Users\Ada Lovelace\.vscode\extensions\redhat.java-0.47.0\server\config_win\org.eclipse.equinox.launcher\org.eclipse.equinox.launcher.win32.win32.x86_64_1.1.1100.v20190715-0945\eclipse_1902.dll
0x00007fffbf2e0000 - 0x00007fffbf2f1000 	C:\Users\Ada Lovelace\.vscode\extensions\redhat.java-0.47.0\server\config_win\org.eclipse.osgi\21\0\.cp\jWinHttp-1.0.0.dll
0x00007fffceef0000 - 0x00007fffcf035000 	C:\WINDOWS\System32\ole32.dll
0x00007fffbc420000 - 0x00007fffbc4f6000 	C:\WINDOWS\SYSTEM32\WINHTTP.dll
0x00007fffbb510000 - 0x00007fffbb533000 	C:\Users\Ada Lovelace\AppData\Local\Programs\AdoptOpenJDK\jre\bin\sunec.dll
0x00007fffbfec0000 - 0x00007fffbfed6000 	C:\WINDOWS\system32\napinsp.dll
0x00007fffbfcb0000 - 0x00007fffbfcca000 	C:\WINDOWS\system32\pnrpnsp.dll
0x00007fffc9970000 - 0x00007fffc9988000 	C:\WINDOWS\system32\NLAapi.dll
0x00007fffcc110000 - 0x00007fffcc1b4000 	C:\WINDOWS\SYSTEM32\DNSAPI.dll
0x00007fffc85f0000 - 0x00007fffc85fe000 	C:\WINDOWS\System32\winrnr.dll
0x00007fffb2d20000 - 0x00007fffb2d35000 	C:\WINDOWS\System32\wshbth.dll
0x00007fffbba80000 - 0x00007fffbba8a000 	C:\Windows\System32\rasadhlp.dll
0x00007fffc0e70000 - 0x00007fffc0edb000 	C:\WINDOWS\System32\fwpuclnt.dll

VM Arguments:
jvm_args: -Declipse.application=org.eclipse.jdt.ls.core.id1 -Dosgi.bundles.defaultStartLevel=4 -Declipse.product=org.eclipse.jdt.ls.core.product -Dfile.encoding=utf8 -DwatchParentProcess=false -Xverify:none -Xmx1G -XX:+UseG1GC -XX:+UseStringDeduplication 
java_command: C:\Users\Ada Lovelace\.vscode\extensions\redhat.java-0.47.0\server\plugins\org.eclipse.equinox.launcher_1.5.500.v20190715-1310.jar -configuration C:\Users\Ada Lovelace\.vscode\extensions\redhat.java-0.47.0\server\config_win -data c:\Users\Ada Lovelace\AppData\Roaming\Code\User\workspaceStorage\3bd386e948ba3ce8a271994d292aa75c\redhat.java\jdt_ws
java_class_path (initial): C:\Users\Ada Lovelace\.vscode\extensions\redhat.java-0.47.0\server\plugins\org.eclipse.equinox.launcher_1.5.500.v20190715-1310.jar
Launcher Type: SUN_STANDARD

Environment Variables:
JAVA_HOME=C:\Users\Ada Lovelace\AppData\Local\Programs\AdoptOpenJDK\
PATH=C:\Program Files (x86)\Intel\TXE Components\iCLS\;C:\Program Files\Intel\TXE Components\iCLS\;C:\WINDOWS\system32;C:\WINDOWS;C:\WINDOWS\System32\Wbem;C:\WINDOWS\System32\WindowsPowerShell\v1.0\;C:\Program Files\Intel\TXE Components\DAL\;C:\Program Files (x86)\Intel\TXE Components\DAL\;C:\Program Files\Intel\TXE Components\IPT\;C:\Program Files (x86)\Intel\TXE Components\IPT\;C:\Program Files\Git\cmd;C:\Users\Ada Lovelace\AppData\Local\Programs\AdoptOpenJDK\bin;C:\Users\Ada Lovelace\AppData\Local\Microsoft\WindowsApps;C:\Users\Ada Lovelace\AppData\Local\Programs\Microsoft VS Code\bin;C:\Users\Ada Lovelace\AppData\Local\GitHubDesktop\bin
USERNAME=Ada Lovelace
OS=Windows_NT
PROCESSOR_IDENTIFIER=Intel64 Family 6 Model 92 Stepping 9, GenuineIntel



---------------  S Y S T E M  ---------------

OS: Windows 10.0 , 64 bit Build 15063 (10.0.15063.1058)

CPU:total 2 (initial active 2) (2 cores per cpu, 1 threads per core) family 6 model 92 stepping 9, cmov, cx8, fxsr, mmx, sse, sse2, sse3, ssse3, sse4.1, sse4.2, popcnt, aes, clmul, erms, 3dnowpref, tsc, tscinvbit

Memory: 4k page, physical 1942672k(30672k free), swap 5683084k(87188k free)

vm_info: OpenJDK 64-Bit Server VM (25.222-b10) for windows-amd64 JRE (1.8.0_222-b10), built on Jul 17 2019 08:11:33 by "jenkins" with MS VC++ 12.0 (VS2013)

time: Wed Aug 21 19:34:25 2019
timezone: Hora estndar de Argentina
elapsed time: 1075 seconds (0d 0h 17m 55s)

